[2025-03-30 11:58:25] Starting production server...
[2025-03-30 11:58:25] Production server started with PID: 9402
[2025-03-30 11:59:12] Starting production server...
[2025-03-30 11:59:12] Production server started with PID: 15905
[2025-03-30 11:59:57] Starting production server...
[2025-03-30 11:59:57] Production server started with PID: 16022
[2025-03-30 12:06:51] Production server is already running with PID: 16022
[2025-03-30 12:07:01] Production server is already running with PID: 16022
[2025-03-30 12:07:11] Production server is already running with PID: 16022
[2025-03-30 12:07:21] Production server is already running with PID: 16022
[2025-03-30 12:07:32] Production server is already running with PID: 16022
[2025-03-30 12:07:42] Production server is already running with PID: 16022
[2025-03-30 12:07:52] Production server is already running with PID: 16022
[2025-03-30 12:08:02] Production server is already running with PID: 16022
[2025-03-30 12:08:12] Production server is already running with PID: 16022
[2025-03-30 12:08:22] Production server is already running with PID: 16022
[2025-03-30 12:08:32] Production server is already running with PID: 16022
[2025-03-30 12:08:42] Production server is already running with PID: 16022
[2025-03-30 12:08:53] Production server is already running with PID: 16022
[2025-03-30 12:09:03] Production server is already running with PID: 16022
[2025-03-30 12:09:13] Production server is already running with PID: 16022
[2025-03-30 12:09:23] Production server is already running with PID: 16022
[2025-03-30 12:09:33] Production server is already running with PID: 16022
[2025-03-30 12:09:43] Production server is already running with PID: 16022
[2025-03-30 12:09:53] Production server is already running with PID: 16022
[2025-03-30 12:10:04] Production server is already running with PID: 16022
[2025-03-30 12:10:14] Production server is already running with PID: 16022
[2025-03-30 12:10:24] Production server is already running with PID: 16022
[2025-03-30 12:10:34] Production server is already running with PID: 16022
[2025-03-30 12:10:44] Production server is already running with PID: 16022
[2025-03-30 12:10:54] Production server is already running with PID: 16022
[2025-03-30 12:11:04] Production server is already running with PID: 16022
[2025-03-30 12:11:15] Production server is already running with PID: 16022
[2025-03-30 12:11:25] Production server is already running with PID: 16022
[2025-03-30 12:11:35] Production server is already running with PID: 16022
[2025-03-30 12:11:45] Production server is already running with PID: 16022
[2025-03-30 12:11:55] Production server is already running with PID: 16022
[2025-03-30 12:12:05] Production server is already running with PID: 16022
[2025-03-30 12:12:16] Production server is already running with PID: 16022
[2025-03-30 12:12:26] Production server is already running with PID: 16022
[2025-03-30 12:12:36] Production server is already running with PID: 16022
[2025-03-30 12:12:46] Production server is already running with PID: 16022
[2025-03-30 12:12:56] Production server is already running with PID: 16022
[2025-03-30 12:13:06] Production server is already running with PID: 16022
[2025-03-30 12:13:16] Production server is already running with PID: 16022
[2025-03-30 12:13:27] Production server is already running with PID: 16022
[2025-03-30 12:13:37] Production server is already running with PID: 16022
[2025-03-30 12:13:47] Production server is already running with PID: 16022
[2025-03-30 12:13:57] Production server is already running with PID: 16022
[2025-03-30 12:14:07] Production server is already running with PID: 16022
[2025-03-30 12:14:17] Production server is already running with PID: 16022
[2025-03-30 12:14:27] Production server is already running with PID: 16022
[2025-03-30 12:14:49] Production server is already running with PID: 16022
[2025-03-30 12:14:56] Production server is already running with PID: 16022
[2025-03-30 12:15:06] Production server is already running with PID: 16022
[2025-03-30 12:15:17] Production server is already running with PID: 16022
[2025-03-30 12:15:28] Production server is already running with PID: 16022
[2025-03-30 12:15:47] Prerequisites check failed. Please fix the issues and try again.
[2025-03-30 12:15:51] Production server is already running with PID: 16022
[2025-03-30 12:16:00] Production server is already running with PID: 16022
[2025-03-30 12:16:11] Production server is already running with PID: 16022
[2025-03-30 12:16:21] Production server is already running with PID: 16022
[2025-03-30 12:16:21] Production server is already running with PID: 16022
[2025-03-30 12:16:32] Production server is already running with PID: 16022
[2025-03-30 12:16:42] Production server is already running with PID: 16022
[2025-03-30 12:16:52] Production server is already running with PID: 16022
[2025-03-30 12:17:03] Production server is already running with PID: 16022
[2025-03-30 12:17:13] Production server is already running with PID: 16022
[2025-03-30 12:17:23] Production server is already running with PID: 16022
[2025-03-30 12:17:34] Production server is already running with PID: 16022
[2025-03-30 12:17:44] Production server is already running with PID: 16022
[2025-03-30 12:17:54] Production server is already running with PID: 16022
[2025-03-30 12:18:05] Production server is already running with PID: 16022
[2025-03-30 12:18:15] Production server is already running with PID: 16022
[2025-03-30 12:18:25] Production server is already running with PID: 16022
[2025-03-30 12:18:27] Production server is already running with PID: 16022
[2025-03-30 12:18:36] Production server is already running with PID: 16022
[2025-03-30 12:18:46] Production server is already running with PID: 16022
[2025-03-30 12:18:56] Production server is already running with PID: 16022
[2025-03-30 12:19:06] Production server is already running with PID: 16022
[2025-03-30 12:19:17] Production server is already running with PID: 16022
[2025-03-30 12:19:27] Production server is already running with PID: 16022
[2025-03-30 12:19:37] Production server is already running with PID: 16022
[2025-03-30 12:19:48] Production server is already running with PID: 16022
[2025-03-30 12:19:58] Production server is already running with PID: 16022
[2025-03-30 12:20:08] Production server is already running with PID: 16022
[2025-03-30 12:20:19] Production server is already running with PID: 16022
[2025-03-30 12:20:29] Production server is already running with PID: 16022
[2025-03-30 12:20:40] Production server is already running with PID: 16022
[2025-03-30 12:20:50] Production server is already running with PID: 16022
[2025-03-30 12:21:01] Production server is already running with PID: 16022
[2025-03-30 12:21:11] Production server is already running with PID: 16022
[2025-03-30 12:21:21] Production server is already running with PID: 16022
[2025-03-30 12:21:32] Production server is already running with PID: 16022
[2025-03-30 12:21:42] Production server is already running with PID: 16022
[2025-03-30 12:21:53] Production server is already running with PID: 16022
[2025-03-30 12:22:03] Production server is already running with PID: 16022
[2025-03-30 12:22:14] Production server is already running with PID: 16022
[2025-03-30 12:22:24] Production server is already running with PID: 16022
[2025-03-30 12:22:35] Production server is already running with PID: 16022
[2025-03-30 12:22:45] Production server is already running with PID: 16022
[2025-03-30 12:22:56] Production server is already running with PID: 16022
[2025-03-30 12:23:06] Production server is already running with PID: 16022
[2025-03-30 12:23:16] Production server is already running with PID: 16022
[2025-03-30 12:23:27] Production server is already running with PID: 16022
[2025-03-30 12:23:37] Production server is already running with PID: 16022
[2025-03-30 12:23:48] Production server is already running with PID: 16022
[2025-03-30 12:23:58] Starting production server...
[2025-03-30 12:23:58] Production server started with PID: 55724
[2025-03-30 12:24:09] Removing stale PID file
[2025-03-30 12:24:09] Starting production server...
[2025-03-30 12:24:09] Production server started with PID: 56335
[2025-03-30 12:24:22] Removing stale PID file
[2025-03-30 12:24:22] Starting production server...
[2025-03-30 12:24:22] Production server started with PID: 57791
[2025-03-30 12:24:30] Removing stale PID file
[2025-03-30 12:24:30] Starting production server...
[2025-03-30 12:24:30] Production server started with PID: 58395
[2025-03-30 12:24:40] Removing stale PID file
[2025-03-30 12:24:40] Starting production server...
[2025-03-30 12:24:40] Production server started with PID: 59000
[2025-03-30 12:24:51] Removing stale PID file
[2025-03-30 12:24:51] Starting production server...
[2025-03-30 12:24:51] Production server started with PID: 59606
[2025-03-30 12:25:01] Removing stale PID file
[2025-03-30 12:25:01] Starting production server...
[2025-03-30 12:25:01] Production server started with PID: 60216
[2025-03-30 12:25:11] Removing stale PID file
[2025-03-30 12:25:11] Starting production server...
[2025-03-30 12:25:11] Production server started with PID: 60822
[2025-03-30 12:25:22] Removing stale PID file
[2025-03-30 12:25:22] Starting production server...
[2025-03-30 12:25:22] Production server started with PID: 61427
[2025-03-30 12:25:32] Removing stale PID file
[2025-03-30 12:25:32] Starting production server...
[2025-03-30 12:25:32] Production server started with PID: 62034
[2025-03-30 12:25:42] Removing stale PID file
[2025-03-30 12:25:42] Starting production server...
[2025-03-30 12:25:42] Production server started with PID: 62640
[2025-03-30 12:25:52] Removing stale PID file
[2025-03-30 12:25:52] Starting production server...
[2025-03-30 12:25:52] Production server started with PID: 63245
[2025-03-30 12:26:02] Removing stale PID file
[2025-03-30 12:26:02] Starting production server...
[2025-03-30 12:26:02] Production server started with PID: 63851
[2025-03-30 12:26:12] Removing stale PID file
[2025-03-30 12:26:12] Starting production server...
[2025-03-30 12:26:12] Production server started with PID: 64457
[2025-03-30 12:26:23] Removing stale PID file
[2025-03-30 12:26:23] Starting production server...
[2025-03-30 12:26:23] Production server started with PID: 65062
[2025-03-30 12:26:33] Removing stale PID file
[2025-03-30 12:26:33] Starting production server...
[2025-03-30 12:26:33] Production server started with PID: 65669
[2025-03-30 12:26:43] Removing stale PID file
[2025-03-30 12:26:43] Starting production server...
[2025-03-30 12:26:43] Production server started with PID: 66275
[2025-03-30 12:26:54] Removing stale PID file
[2025-03-30 12:26:54] Starting production server...
[2025-03-30 12:26:54] Production server started with PID: 66880
[2025-03-30 12:27:04] Removing stale PID file
[2025-03-30 12:27:04] Starting production server...
[2025-03-30 12:27:04] Production server started with PID: 67488
[2025-03-30 12:27:14] Removing stale PID file
[2025-03-30 12:27:14] Starting production server...
[2025-03-30 12:27:14] Production server started with PID: 68094
[2025-03-30 12:27:24] Removing stale PID file
[2025-03-30 12:27:24] Starting production server...
[2025-03-30 12:27:25] Production server started with PID: 68699
[2025-03-30 12:27:35] Removing stale PID file
[2025-03-30 12:27:35] Starting production server...
[2025-03-30 12:27:35] Production server started with PID: 69304
[2025-03-30 12:27:45] Removing stale PID file
[2025-03-30 12:27:45] Starting production server...
[2025-03-30 12:27:45] Production server started with PID: 69911
[2025-03-30 12:27:56] Removing stale PID file
[2025-03-30 12:27:56] Starting production server...
[2025-03-30 12:27:56] Production server started with PID: 70527
[2025-03-30 12:28:07] Removing stale PID file
[2025-03-30 12:28:07] Starting production server...
[2025-03-30 12:28:07] Production server started with PID: 71149
[2025-03-30 12:28:20] Removing stale PID file
[2025-03-30 12:28:20] Starting production server...
[2025-03-30 12:28:20] Production server started with PID: 72875
[2025-03-30 12:28:31] Removing stale PID file
[2025-03-30 12:28:31] Starting production server...
[2025-03-30 12:28:31] Production server started with PID: 73775
[2025-03-30 12:28:38] Removing stale PID file
[2025-03-30 12:28:38] Starting production server...
[2025-03-30 12:28:38] Production server started with PID: 74651
[2025-03-30 12:28:49] Removing stale PID file
[2025-03-30 12:28:49] Starting production server...
[2025-03-30 12:28:49] Production server started with PID: 75270
[2025-03-30 12:29:02] Removing stale PID file
[2025-03-30 12:29:02] Starting production server...
[2025-03-30 12:29:02] Production server started with PID: 76421
[2025-03-30 12:29:10] Removing stale PID file
[2025-03-30 12:29:10] Starting production server...
[2025-03-30 12:29:10] Production server started with PID: 77027
[2025-03-30 12:29:20] Removing stale PID file
[2025-03-30 12:29:20] Starting production server...
[2025-03-30 12:29:20] Production server started with PID: 77650
[2025-03-30 12:29:34] Removing stale PID file
[2025-03-30 12:29:34] Starting production server...
[2025-03-30 12:29:34] Production server started with PID: 78819
[2025-03-30 12:29:41] Removing stale PID file
[2025-03-30 12:29:41] Starting production server...
[2025-03-30 12:29:41] Production server started with PID: 79437
[2025-03-30 12:37:44] Removing stale PID file
[2025-03-30 12:37:44] Starting production server...
[2025-03-30 12:37:44] Production server started with PID: 82597
[2025-03-30 12:41:10] Removing stale PID file
[2025-03-30 12:41:10] Starting production server...
[2025-03-30 12:41:10] Production server started with PID: 84218
[2025-03-30 12:42:24] Removing stale PID file
[2025-03-30 12:42:24] Starting production server...
[2025-03-30 12:42:24] Production server started with PID: 86097
[2025-03-30 12:43:47] Starting production environment setup...
[2025-03-30 12:44:12] Starting production server...
[2025-03-30 12:44:12] Building application...
[2025-03-30 12:44:21] Starting Next.js server...
[2025-03-30 12:44:23] [0;32mProduction server started successfully with PID: 87987[0m
[2025-03-30 12:44:23] [0;32mProduction environment setup completed[0m
[2025-03-30 12:47:49] Starting production environment setup...
[2025-03-30 12:47:50] [1;33mProduction server is already running with PID: 87987[0m
[2025-03-30 12:48:00] Starting production environment setup...
[2025-03-30 12:48:00] [1;33mProduction server is already running with PID: 87987[0m
[2025-03-30 12:48:10] Starting production environment setup...
[2025-03-30 12:48:10] [1;33mProduction server is already running with PID: 87987[0m
[2025-03-30 12:48:21] Starting production environment setup...
[2025-03-30 12:48:21] [1;33mProduction server is already running with PID: 87987[0m
[2025-03-30 12:48:31] Starting production environment setup...
[2025-03-30 12:48:31] [1;33mProduction server is already running with PID: 87987[0m
[2025-03-30 12:48:41] Starting production environment setup...
[2025-03-30 12:48:42] [1;33mProduction server is already running with PID: 87987[0m
[2025-03-30 12:48:52] Starting production environment setup...
[2025-03-30 12:48:52] [1;33mProduction server is already running with PID: 87987[0m
[2025-03-30 12:49:02] Starting production environment setup...
[2025-03-30 12:49:02] [1;33mProduction server is already running with PID: 87987[0m
[2025-03-30 12:49:13] Starting production environment setup...
[2025-03-30 12:49:13] [1;33mProduction server is already running with PID: 87987[0m
[2025-03-30 12:49:23] Starting production environment setup...
[2025-03-30 12:49:23] [1;33mProduction server is already running with PID: 87987[0m
[2025-03-30 12:49:33] Starting production environment setup...
[2025-03-30 12:49:34] [1;33mProduction server is already running with PID: 87987[0m
[2025-03-30 12:49:44] Starting production environment setup...
[2025-03-30 12:49:44] [1;33mProduction server is already running with PID: 87987[0m
[2025-03-30 12:49:55] Created directory: /Users/jediOne/dev/whatsdesigns/.next/server/app
[2025-03-30 12:49:55] Starting production environment setup...
[2025-03-30 12:49:55] [1;33mProduction server is already running with PID: 87987[0m
[2025-03-30 12:50:05] Starting production environment setup...
[2025-03-30 12:50:05] [1;33mProduction server is already running with PID: 87987[0m
[2025-03-30 12:50:15] Starting production environment setup...
[2025-03-30 12:50:16] [1;33mProduction server is already running with PID: 87987[0m
[2025-03-30 12:50:26] Starting production environment setup...
[2025-03-30 12:50:26] [1;33mProduction server is already running with PID: 87987[0m
[2025-03-30 12:50:36] Starting production environment setup...
[2025-03-30 12:50:36] [1;33mProduction server is already running with PID: 87987[0m
[2025-03-30 12:50:47] Starting production environment setup...
[2025-03-30 12:50:47] [1;33mProduction server is already running with PID: 87987[0m
[2025-03-30 12:50:57] Starting production environment setup...
[2025-03-30 12:50:57] [1;33mProduction server is already running with PID: 87987[0m
[2025-03-30 12:51:07] Starting production environment setup...
[2025-03-30 12:51:08] [1;33mProduction server is already running with PID: 87987[0m
[2025-03-30 12:51:18] Starting production environment setup...
[2025-03-30 12:51:18] [1;33mProduction server is already running with PID: 87987[0m
[2025-03-30 12:51:28] Starting production environment setup...
[2025-03-30 12:51:28] [1;33mProduction server is already running with PID: 87987[0m
[2025-03-30 12:51:39] Starting production environment setup...
[2025-03-30 12:51:39] [1;33mProduction server is already running with PID: 87987[0m
[2025-03-30 12:51:49] Starting production environment setup...
[2025-03-30 12:51:49] [1;33mProduction server is already running with PID: 87987[0m
[2025-03-30 12:51:59] Starting production environment setup...
[2025-03-30 12:52:00] [1;33mProduction server is already running with PID: 87987[0m
[2025-03-30 12:52:10] Starting production environment setup...
[2025-03-30 12:52:10] [1;33mProduction server is already running with PID: 87987[0m
[2025-03-30 12:52:20] Starting production environment setup...
[2025-03-30 12:52:20] [1;33mProduction server is already running with PID: 87987[0m
[2025-03-30 12:52:31] Starting production environment setup...
[2025-03-30 12:52:31] [1;33mProduction server is already running with PID: 87987[0m
[2025-03-30 12:52:41] Starting production environment setup...
[2025-03-30 12:52:41] Starting production server...
[2025-03-30 12:52:41] Building application...
[2025-03-30 12:52:41] [0;31mBuild failed[0m
[2025-03-30 12:52:51] Starting production environment setup...
[2025-03-30 12:52:52] Starting production server...
[2025-03-30 12:52:52] Building application...
[2025-03-30 12:52:52] [0;31mBuild failed[0m
[2025-03-30 12:53:02] Starting production environment setup...
[2025-03-30 12:53:02] Starting production server...
[2025-03-30 12:53:02] Building application...
[2025-03-30 12:53:02] [0;31mBuild failed[0m
[2025-03-30 12:53:12] Starting production environment setup...
[2025-03-30 12:53:12] Starting production server...
[2025-03-30 12:53:13] Building application...
[2025-03-30 12:53:13] [0;31mBuild failed[0m
[2025-03-30 12:53:23] Starting production environment setup...
[2025-03-30 12:53:23] Starting production server...
[2025-03-30 12:53:23] Building application...
[2025-03-30 12:53:23] [0;31mBuild failed[0m
[2025-03-30 12:54:13] Starting production environment setup...
[2025-03-30 12:54:21] Starting production server...
[2025-03-30 12:54:21] Building application...
[2025-03-30 12:54:21] [0;31mBuild failed[0m
[2025-03-30 12:54:22] Starting production environment setup...
[2025-03-30 12:54:23] Starting production server...
[2025-03-30 12:54:23] Building application...
[2025-03-30 12:54:23] [0;31mBuild failed[0m
[2025-03-30 12:54:33] Starting production environment setup...
[2025-03-30 12:54:34] Starting production server...
[2025-03-30 12:54:34] Building application...
[2025-03-30 12:54:34] [0;31mBuild failed[0m
[2025-03-30 12:54:43] Starting production environment setup...
[2025-03-30 12:54:43] Starting production server...
[2025-03-30 12:54:43] Building application...
[2025-03-30 12:54:43] [0;31mBuild failed[0m
[2025-03-30 12:54:53] Starting production environment setup...
[2025-03-30 12:54:54] Starting production server...
[2025-03-30 12:54:54] Building application...
[2025-03-30 12:54:54] [0;31mBuild failed[0m
[2025-03-30 12:55:04] Starting production environment setup...
[2025-03-30 12:55:04] Starting production server...
[2025-03-30 12:55:04] Building application...
[2025-03-30 12:55:04] [0;31mBuild failed[0m
[2025-03-30 12:55:14] Starting production environment setup...
[2025-03-30 12:55:15] Starting production server...
[2025-03-30 12:55:15] Building application...
[2025-03-30 12:55:15] [0;31mBuild failed[0m
[2025-03-30 12:55:25] Starting production environment setup...
[2025-03-30 12:55:25] Starting production server...
[2025-03-30 12:55:25] Building application...
[2025-03-30 12:55:25] [0;31mBuild failed[0m
[2025-03-30 12:55:35] Starting production environment setup...
[2025-03-30 12:55:35] Starting production server...
[2025-03-30 12:55:35] Building application...
[2025-03-30 12:55:35] [0;31mBuild failed[0m
[2025-03-30 12:55:46] Starting production environment setup...
[2025-03-30 12:55:46] Starting production server...
[2025-03-30 12:55:46] Building application...
[2025-03-30 12:55:46] [0;31mBuild failed[0m
[2025-03-30 12:55:56] Starting production environment setup...
[2025-03-30 12:55:56] Starting production server...
[2025-03-30 12:55:56] Building application...
[2025-03-30 12:55:56] [0;31mBuild failed[0m
[2025-03-30 12:56:06] Starting production environment setup...
[2025-03-30 12:56:07] Starting production server...
[2025-03-30 12:56:07] Building application...
[2025-03-30 12:56:07] [0;31mBuild failed[0m
[2025-03-30 12:56:17] Starting production environment setup...
[2025-03-30 12:56:17] Starting production server...
[2025-03-30 12:56:17] Building application...
[2025-03-30 12:56:17] [0;31mBuild failed[0m
[2025-03-30 12:56:21] Starting production environment setup...
[2025-03-30 12:56:22] Starting production server...
[2025-03-30 12:56:22] Building application...
[2025-03-30 12:56:22] [0;31mBuild failed[0m
[2025-03-30 12:56:32] Starting production environment setup...
[2025-03-30 12:56:32] Starting production server...
[2025-03-30 12:56:32] Building application...
[2025-03-30 12:56:32] [0;31mBuild failed[0m
[2025-03-30 12:56:42] Starting production environment setup...
[2025-03-30 12:56:42] Starting production server...
[2025-03-30 12:56:42] Building application...
[2025-03-30 12:56:42] [0;31mBuild failed[0m
[2025-03-30 12:56:52] Starting production environment setup...
[2025-03-30 12:56:53] Starting production server...
[2025-03-30 12:56:53] Building application...
[2025-03-30 12:56:53] [0;31mBuild failed[0m
[2025-03-30 12:57:03] Starting production environment setup...
[2025-03-30 12:57:03] Starting production server...
[2025-03-30 12:57:03] Building application...
[2025-03-30 12:57:03] [0;31mBuild failed[0m
[2025-03-30 12:57:13] Starting production environment setup...
[2025-03-30 12:57:14] Starting production server...
[2025-03-30 12:57:14] Building application...
[2025-03-30 12:57:14] [0;31mBuild failed[0m
[2025-03-30 12:57:24] Starting production environment setup...
[2025-03-30 12:57:24] Starting production server...
[2025-03-30 12:57:24] Building application...
[2025-03-30 12:57:24] [0;31mBuild failed[0m
[2025-03-30 12:57:34] Starting production environment setup...
[2025-03-30 12:57:35] Starting production server...
[2025-03-30 12:57:35] Building application...
[2025-03-30 12:57:35] [0;31mBuild failed[0m
[2025-03-30 12:57:45] Starting production environment setup...
[2025-03-30 12:57:45] Starting production server...
[2025-03-30 12:57:45] Building application...
[2025-03-30 12:57:45] [0;31mBuild failed[0m
[2025-03-30 12:57:55] Starting production environment setup...
[2025-03-30 12:57:55] Starting production server...
[2025-03-30 12:57:55] Building application...
[2025-03-30 12:57:55] [0;31mBuild failed[0m
[2025-03-30 12:58:05] Starting production environment setup...
[2025-03-30 12:58:06] Starting production server...
[2025-03-30 12:58:06] Building application...
[2025-03-30 12:58:06] [0;31mBuild failed[0m
[2025-03-30 12:58:16] Starting production environment setup...
[2025-03-30 12:58:16] Starting production server...
[2025-03-30 12:58:16] Building application...
[2025-03-30 12:58:16] [0;31mBuild failed[0m
[2025-03-30 12:58:26] Starting production environment setup...
[2025-03-30 12:58:27] Starting production server...
[2025-03-30 12:58:27] Building application...
[2025-03-30 12:58:27] [0;31mBuild failed[0m
[2025-03-30 12:58:37] Starting production environment setup...
[2025-03-30 12:58:37] Starting production server...
[2025-03-30 12:58:37] Building application...
[2025-03-30 12:58:37] [0;31mBuild failed[0m
[2025-03-30 12:58:47] Starting production environment setup...
[2025-03-30 12:58:48] Starting production server...
[2025-03-30 12:58:48] Building application...
[2025-03-30 12:58:48] [0;31mBuild failed[0m
[2025-03-30 13:05:28] Starting production environment setup...
[2025-03-30 13:05:45] Starting production server...
[2025-03-30 13:05:45] Building application...
[2025-03-30 13:05:54] Starting Next.js server...
[2025-03-30 13:05:55] [0;32mProduction server started successfully with PID: 3023[0m
[2025-03-30 13:05:56] [0;32mProduction environment setup completed[0m
[2025-03-30 13:30:08] Starting production environment setup...
[2025-03-30 13:30:29] Checking Caffeine status...
[2025-03-30 13:30:29] [1;33mCaffeine is not installed. Installing Caffeine...[0m
[2025-03-30 13:30:32] [0;32mCaffeine installed successfully[0m
[2025-03-30 13:30:32] [1;33mCaffeine is not running. Starting Caffeine...[0m
[2025-03-30 13:30:34] [0;31mFailed to start Caffeine[0m
[2025-03-30 13:30:34] [0;31mCaffeine service check failed. Please fix the issues and try again.[0m
[2025-03-30 13:30:40] Starting production environment setup...
[2025-03-30 13:30:50] Checking Caffeine status...
[2025-03-30 13:30:50] [1;33mCaffeine is not installed. Installing Caffeine...[0m
[2025-03-30 13:30:51] [0;32mCaffeine installed successfully[0m
[2025-03-30 13:30:52] [1;33mCaffeine is not running. Starting Caffeine...[0m
[2025-03-30 13:30:54] [0;31mFailed to start Caffeine[0m
[2025-03-30 13:30:54] [0;31mCaffeine service check failed. Please fix the issues and try again.[0m
[2025-04-06 13:04:54] Starting production environment setup...
[2025-04-06 13:05:01] Checking Caffeine status...
[2025-04-06 13:05:01] [1;33mCaffeine is not installed. Installing Caffeine...[0m
[2025-04-06 13:05:02] [0;32mCaffeine installed successfully[0m
[2025-04-06 13:05:03] [1;33mCaffeine is not running. Starting Caffeine...[0m
[2025-04-06 13:05:05] [0;31mFailed to start Caffeine[0m
[2025-04-06 13:05:05] [0;31mCaffeine service check failed. Please fix the issues and try again.[0m
[2025-04-06 13:24:14] Starting production environment setup...
[2025-04-06 13:24:28] Checking Caffeine status...
[2025-04-06 13:24:28] [1;33mCaffeine is not installed. Installing Caffeine...[0m
[2025-04-06 13:24:31] [0;32mCaffeine installed successfully[0m
[2025-04-06 13:24:31] [1;33mCaffeine is not running. Starting Caffeine...[0m
[2025-04-06 13:24:33] [0;31mFailed to start Caffeine[0m
[2025-04-06 13:24:33] [0;31mCaffeine service check failed. Please fix the issues and try again.[0m
[2025-04-06 13:27:47] Starting production environment setup...
[2025-04-06 13:27:58] Checking Caffeine status...
[2025-04-06 13:27:58] [1;33mCaffeine is not installed. Installing Caffeine...[0m
[2025-04-06 13:28:00] [0;32mCaffeine installed successfully[0m
[2025-04-06 13:28:00] [1;33mCaffeine is not running. Starting Caffeine...[0m
[2025-04-06 13:28:02] [0;31mFailed to start Caffeine[0m
[2025-04-06 13:28:02] [0;31mCaffeine service check failed. Please fix the issues and try again.[0m
[2025-04-06 13:30:49] Starting production environment setup...
[2025-04-06 13:30:56] Checking Caffeine status...
[2025-04-06 13:30:56] [1;33mCaffeine is not installed. Installing Caffeine...[0m
[2025-04-06 13:30:58] [0;32mCaffeine installed successfully[0m
[2025-04-06 13:30:58] [1;33mCaffeine is not running. Starting Caffeine...[0m
[2025-04-06 13:31:00] [0;31mFailed to start Caffeine[0m
[2025-04-06 13:31:00] [0;31mCaffeine service check failed. Please fix the issues and try again.[0m
[2025-04-06 13:31:57] Starting production environment setup...
[2025-04-06 13:32:02] Checking Caffeine status...
[2025-04-06 13:32:02] [1;33mCaffeine is not installed. Installing Caffeine...[0m
[2025-04-06 13:32:03] [0;32mCaffeine installed successfully[0m
[2025-04-06 13:32:04] [1;33mCaffeine is not running. Starting Caffeine...[0m
[2025-04-06 13:32:06] [0;31mFailed to start Caffeine[0m
[2025-04-06 13:32:06] [0;31mCaffeine service check failed. Please fix the issues and try again.[0m
[2025-04-06 14:48:43] Starting production environment setup...
[2025-04-06 14:48:50] Checking Caffeine status...
[2025-04-06 14:48:50] [1;33mCaffeine is not installed. Installing Caffeine...[0m
[2025-04-06 14:48:54] [0;32mCaffeine installed successfully[0m
[2025-04-06 14:48:55] [1;33mCaffeine is not running. Starting Caffeine...[0m
[2025-04-06 14:48:57] [0;31mFailed to start Caffeine[0m
[2025-04-06 14:48:57] [0;31mCaffeine service check failed. Please fix the issues and try again.[0m
[2025-04-06 14:53:12] Starting production environment setup...
[2025-04-06 14:59:07] Starting production environment setup...
[2025-04-06 14:59:14] Checking Caffeine status...
[2025-04-06 14:59:14] [1;33mCaffeine is not installed. Installing Caffeine...[0m
[2025-04-06 14:59:16] [0;32mCaffeine installed successfully[0m
[2025-04-06 14:59:16] [1;33mCaffeine is not running. Starting Caffeine...[0m
[2025-04-06 14:59:18] [0;31mFailed to start Caffeine[0m
[2025-04-06 14:59:18] [0;31mCaffeine service check failed. Please fix the issues and try again.[0m
[2025-04-06 15:03:12] Starting production environment setup...
[2025-04-06 15:03:17] Checking Caffeine status...
[2025-04-06 15:03:17] [1;33mCaffeine is not installed. Installing Caffeine...[0m
[2025-04-06 15:03:19] [0;32mCaffeine installed successfully[0m
[2025-04-06 15:03:19] [1;33mCaffeine is not running. Starting Caffeine...[0m
[2025-04-06 15:03:21] [0;31mFailed to start Caffeine[0m
[2025-04-06 15:03:21] [0;31mCaffeine service check failed. Please fix the issues and try again.[0m
[2025-04-06 15:04:39] Starting production environment setup...
[2025-04-06 15:04:49] Checking Caffeine status...
[2025-04-06 15:04:49] [1;33mCaffeine is not installed. Installing Caffeine...[0m
[2025-04-06 15:04:50] [0;32mCaffeine installed successfully[0m
[2025-04-06 15:04:50] [1;33mCaffeine is not running. Starting Caffeine...[0m
[2025-04-06 15:04:52] [0;31mFailed to start Caffeine[0m
[2025-04-06 15:04:52] [0;31mCaffeine service check failed. Please fix the issues and try again.[0m
[2025-04-06 15:06:21] Starting production environment setup...
[2025-04-06 15:06:26] Checking Caffeine status...
[2025-04-06 15:06:26] [1;33mCaffeine is not installed. Installing Caffeine...[0m
[2025-04-06 15:06:27] [0;32mCaffeine installed successfully[0m
[2025-04-06 15:06:27] [1;33mCaffeine is not running. Starting Caffeine...[0m
[2025-04-06 15:06:30] [0;31mFailed to start Caffeine[0m
[2025-04-06 15:06:30] [0;31mCaffeine service check failed. Please fix the issues and try again.[0m
[2025-04-06 15:08:11] Starting production environment setup...
[2025-04-06 15:09:13] Starting production environment setup...
[2025-04-06 15:09:22] Checking Caffeine status...
[2025-04-06 15:09:22] Detected Apple Silicon Mac (M1/M2/M3)
[2025-04-06 15:09:22] [0;32mRosetta 2 is already installed[0m
[2025-04-06 15:09:22] [0;32mCaffeine is already running[0m
[2025-04-06 15:09:22] Starting production server...
[2025-04-06 15:09:22] Building application...
[2025-04-06 15:09:23] [0;31mBuild failed[0m
[2025-04-06 15:09:42] Starting production environment setup...
[2025-04-06 15:09:42] Checking Caffeine status...
[2025-04-06 15:09:42] Detected Apple Silicon Mac (M1/M2/M3)
[2025-04-06 15:09:43] [0;32mRosetta 2 is already installed[0m
[2025-04-06 15:09:43] [0;32mCaffeine is already running[0m
[2025-04-06 15:09:43] Starting production server...
[2025-04-06 15:09:43] Building application...
[2025-04-06 15:09:54] Copying static files...
[2025-04-06 15:09:54] Starting Next.js server...
[2025-04-06 15:09:54] Server started with PID: 20150
[2025-04-06 15:09:55] [0;32mProduction server started successfully with PID: 20150[0m
[2025-04-06 15:09:55] [0;32mProduction environment setup completed[0m
[2025-04-06 21:57:19] Created directory: /Users/jediOne/dev/whatsdesigns/.next/server/app
[2025-04-06 21:57:19] Starting production environment setup...
[2025-04-06 21:57:34] Checking Caffeine status...
[2025-04-06 21:57:34] Detected Apple Silicon Mac (M1/M2/M3)
[2025-04-06 21:57:34] [0;32mRosetta 2 is already installed[0m
[2025-04-06 21:57:34] [0;32mCaffeine is already running[0m
[2025-04-06 21:57:34] Starting production server...
[2025-04-06 21:57:34] Building application...
[2025-04-06 21:57:42] [0;31mBuild failed[0m
[2025-04-06 21:57:50] Starting production environment setup...
[2025-04-06 21:57:51] Checking Caffeine status...
[2025-04-06 21:57:51] Detected Apple Silicon Mac (M1/M2/M3)
[2025-04-06 21:57:51] [0;32mRosetta 2 is already installed[0m
[2025-04-06 21:57:51] [0;32mCaffeine is already running[0m
[2025-04-06 21:57:51] Starting production server...
[2025-04-06 21:57:52] Building application...
[2025-04-06 21:57:56] [0;31mBuild failed[0m
[2025-04-06 22:00:48] Starting production environment setup...
[2025-04-06 22:01:29] Checking Caffeine status...
[2025-04-06 22:01:29] Detected Apple Silicon Mac (M1/M2/M3)
[2025-04-06 22:01:29] [0;32mRosetta 2 is already installed[0m
[2025-04-06 22:01:30] [0;32mCaffeine is already running[0m
[2025-04-06 22:01:30] Starting production server...
[2025-04-06 22:01:30] Building application...
[2025-04-06 22:01:45] Copying static files...
[2025-04-06 22:01:45] Copying production environment file...
[2025-04-06 22:01:45] Starting Next.js server...
[2025-04-06 22:01:45] Server started with PID: 29144
[2025-04-06 22:01:46] [0;32mProduction server started successfully with PID: 29144[0m
[2025-04-06 22:01:46] [0;32mProduction environment setup completed[0m
