[2025-03-30 12:47:49] Starting production environment setup...
[2025-03-30 12:47:49] Starting prerequisites check...
[2025-03-30 12:47:49] Checking required directories...
[2025-03-30 12:47:49] \033[0;32mAll required directories exist\033[0m
[2025-03-30 12:47:49] Checking Nginx status...
[2025-03-30 12:47:49] \033[0;31mNginx is not installed\033[0m
[2025-03-30 12:47:49] Checking SSL certificates...
[2025-03-30 12:47:49] \033[0;32mSSL certificates are valid\033[0m
[2025-03-30 12:47:49] Checking MongoDB status...
[2025-03-30 12:47:49] \033[0;31mMongoDB is not installed\033[0m
[2025-03-30 12:47:50] Checking environment variables...
[2025-03-30 12:47:50] \033[0;32mEnvironment variables are properly configured\033[0m
[2025-03-30 12:47:50] Checking application build...
[2025-03-30 12:47:50] \033[0;32mApplication build is ready\033[0m
[2025-03-30 12:47:50] Prerequisites check completed
[2025-03-30 12:47:50] [1;33mProduction server is already running with PID: 87987[0m
[2025-03-30 12:48:00] Starting production environment setup...
[2025-03-30 12:48:00] Starting prerequisites check...
[2025-03-30 12:48:00] Checking required directories...
[2025-03-30 12:48:00] \033[0;32mAll required directories exist\033[0m
[2025-03-30 12:48:00] Checking Nginx status...
[2025-03-30 12:48:00] \033[0;31mNginx is not installed\033[0m
[2025-03-30 12:48:00] Checking SSL certificates...
[2025-03-30 12:48:00] \033[0;32mSSL certificates are valid\033[0m
[2025-03-30 12:48:00] Checking MongoDB status...
[2025-03-30 12:48:00] \033[0;31mMongoDB is not installed\033[0m
[2025-03-30 12:48:00] Checking environment variables...
[2025-03-30 12:48:00] \033[0;32mEnvironment variables are properly configured\033[0m
[2025-03-30 12:48:00] Checking application build...
[2025-03-30 12:48:00] \033[0;32mApplication build is ready\033[0m
[2025-03-30 12:48:00] Prerequisites check completed
[2025-03-30 12:48:00] [1;33mProduction server is already running with PID: 87987[0m
[2025-03-30 12:48:10] Starting production environment setup...
[2025-03-30 12:48:10] Starting prerequisites check...
[2025-03-30 12:48:10] Checking required directories...
[2025-03-30 12:48:10] \033[0;32mAll required directories exist\033[0m
[2025-03-30 12:48:10] Checking Nginx status...
[2025-03-30 12:48:10] \033[0;31mNginx is not installed\033[0m
[2025-03-30 12:48:10] Checking SSL certificates...
[2025-03-30 12:48:10] \033[0;32mSSL certificates are valid\033[0m
[2025-03-30 12:48:10] Checking MongoDB status...
[2025-03-30 12:48:10] \033[0;31mMongoDB is not installed\033[0m
[2025-03-30 12:48:10] Checking environment variables...
[2025-03-30 12:48:10] \033[0;32mEnvironment variables are properly configured\033[0m
[2025-03-30 12:48:10] Checking application build...
[2025-03-30 12:48:10] \033[0;32mApplication build is ready\033[0m
[2025-03-30 12:48:10] Prerequisites check completed
[2025-03-30 12:48:10] [1;33mProduction server is already running with PID: 87987[0m
[2025-03-30 12:48:21] Starting production environment setup...
[2025-03-30 12:48:21] Starting prerequisites check...
[2025-03-30 12:48:21] Checking required directories...
[2025-03-30 12:48:21] \033[0;32mAll required directories exist\033[0m
[2025-03-30 12:48:21] Checking Nginx status...
[2025-03-30 12:48:21] \033[0;31mNginx is not installed\033[0m
[2025-03-30 12:48:21] Checking SSL certificates...
[2025-03-30 12:48:21] \033[0;32mSSL certificates are valid\033[0m
[2025-03-30 12:48:21] Checking MongoDB status...
[2025-03-30 12:48:21] \033[0;31mMongoDB is not installed\033[0m
[2025-03-30 12:48:21] Checking environment variables...
[2025-03-30 12:48:21] \033[0;32mEnvironment variables are properly configured\033[0m
[2025-03-30 12:48:21] Checking application build...
[2025-03-30 12:48:21] \033[0;32mApplication build is ready\033[0m
[2025-03-30 12:48:21] Prerequisites check completed
[2025-03-30 12:48:21] [1;33mProduction server is already running with PID: 87987[0m
[2025-03-30 12:48:31] Starting production environment setup...
[2025-03-30 12:48:31] Starting prerequisites check...
[2025-03-30 12:48:31] Checking required directories...
[2025-03-30 12:48:31] \033[0;32mAll required directories exist\033[0m
[2025-03-30 12:48:31] Checking Nginx status...
[2025-03-30 12:48:31] \033[0;31mNginx is not installed\033[0m
[2025-03-30 12:48:31] Checking SSL certificates...
[2025-03-30 12:48:31] \033[0;32mSSL certificates are valid\033[0m
[2025-03-30 12:48:31] Checking MongoDB status...
[2025-03-30 12:48:31] \033[0;31mMongoDB is not installed\033[0m
[2025-03-30 12:48:31] Checking environment variables...
[2025-03-30 12:48:31] \033[0;32mEnvironment variables are properly configured\033[0m
[2025-03-30 12:48:31] Checking application build...
[2025-03-30 12:48:31] \033[0;32mApplication build is ready\033[0m
[2025-03-30 12:48:31] Prerequisites check completed
[2025-03-30 12:48:31] [1;33mProduction server is already running with PID: 87987[0m
[2025-03-30 12:48:41] Starting production environment setup...
[2025-03-30 12:48:41] Starting prerequisites check...
[2025-03-30 12:48:41] Checking required directories...
[2025-03-30 12:48:41] \033[0;32mAll required directories exist\033[0m
[2025-03-30 12:48:41] Checking Nginx status...
[2025-03-30 12:48:41] \033[0;31mNginx is not installed\033[0m
[2025-03-30 12:48:42] Checking SSL certificates...
[2025-03-30 12:48:42] \033[0;32mSSL certificates are valid\033[0m
[2025-03-30 12:48:42] Checking MongoDB status...
[2025-03-30 12:48:42] \033[0;31mMongoDB is not installed\033[0m
[2025-03-30 12:48:42] Checking environment variables...
[2025-03-30 12:48:42] \033[0;32mEnvironment variables are properly configured\033[0m
[2025-03-30 12:48:42] Checking application build...
[2025-03-30 12:48:42] \033[0;32mApplication build is ready\033[0m
[2025-03-30 12:48:42] Prerequisites check completed
[2025-03-30 12:48:42] [1;33mProduction server is already running with PID: 87987[0m
[2025-03-30 12:48:52] Starting production environment setup...
[2025-03-30 12:48:52] Starting prerequisites check...
[2025-03-30 12:48:52] Checking required directories...
[2025-03-30 12:48:52] \033[0;32mAll required directories exist\033[0m
[2025-03-30 12:48:52] Checking Nginx status...
[2025-03-30 12:48:52] \033[0;31mNginx is not installed\033[0m
[2025-03-30 12:48:52] Checking SSL certificates...
[2025-03-30 12:48:52] \033[0;32mSSL certificates are valid\033[0m
[2025-03-30 12:48:52] Checking MongoDB status...
[2025-03-30 12:48:52] \033[0;31mMongoDB is not installed\033[0m
[2025-03-30 12:48:52] Checking environment variables...
[2025-03-30 12:48:52] \033[0;32mEnvironment variables are properly configured\033[0m
[2025-03-30 12:48:52] Checking application build...
[2025-03-30 12:48:52] \033[0;32mApplication build is ready\033[0m
[2025-03-30 12:48:52] Prerequisites check completed
[2025-03-30 12:48:52] [1;33mProduction server is already running with PID: 87987[0m
[2025-03-30 12:49:02] Starting production environment setup...
[2025-03-30 12:49:02] Starting prerequisites check...
[2025-03-30 12:49:02] Checking required directories...
[2025-03-30 12:49:02] \033[0;32mAll required directories exist\033[0m
[2025-03-30 12:49:02] Checking Nginx status...
[2025-03-30 12:49:02] \033[0;31mNginx is not installed\033[0m
[2025-03-30 12:49:02] Checking SSL certificates...
[2025-03-30 12:49:02] \033[0;32mSSL certificates are valid\033[0m
[2025-03-30 12:49:02] Checking MongoDB status...
[2025-03-30 12:49:02] \033[0;31mMongoDB is not installed\033[0m
[2025-03-30 12:49:02] Checking environment variables...
[2025-03-30 12:49:02] \033[0;32mEnvironment variables are properly configured\033[0m
[2025-03-30 12:49:02] Checking application build...
[2025-03-30 12:49:02] \033[0;32mApplication build is ready\033[0m
[2025-03-30 12:49:02] Prerequisites check completed
[2025-03-30 12:49:02] [1;33mProduction server is already running with PID: 87987[0m
[2025-03-30 12:49:13] Starting production environment setup...
[2025-03-30 12:49:13] Starting prerequisites check...
[2025-03-30 12:49:13] Checking required directories...
[2025-03-30 12:49:13] \033[0;32mAll required directories exist\033[0m
[2025-03-30 12:49:13] Checking Nginx status...
[2025-03-30 12:49:13] \033[0;31mNginx is not installed\033[0m
[2025-03-30 12:49:13] Checking SSL certificates...
[2025-03-30 12:49:13] \033[0;32mSSL certificates are valid\033[0m
[2025-03-30 12:49:13] Checking MongoDB status...
[2025-03-30 12:49:13] \033[0;31mMongoDB is not installed\033[0m
[2025-03-30 12:49:13] Checking environment variables...
[2025-03-30 12:49:13] \033[0;32mEnvironment variables are properly configured\033[0m
[2025-03-30 12:49:13] Checking application build...
[2025-03-30 12:49:13] \033[0;32mApplication build is ready\033[0m
[2025-03-30 12:49:13] Prerequisites check completed
[2025-03-30 12:49:13] [1;33mProduction server is already running with PID: 87987[0m
[2025-03-30 12:49:23] Starting production environment setup...
[2025-03-30 12:49:23] Starting prerequisites check...
[2025-03-30 12:49:23] Checking required directories...
[2025-03-30 12:49:23] \033[0;32mAll required directories exist\033[0m
[2025-03-30 12:49:23] Checking Nginx status...
[2025-03-30 12:49:23] \033[0;31mNginx is not installed\033[0m
[2025-03-30 12:49:23] Checking SSL certificates...
[2025-03-30 12:49:23] \033[0;32mSSL certificates are valid\033[0m
[2025-03-30 12:49:23] Checking MongoDB status...
[2025-03-30 12:49:23] \033[0;31mMongoDB is not installed\033[0m
[2025-03-30 12:49:23] Checking environment variables...
[2025-03-30 12:49:23] \033[0;32mEnvironment variables are properly configured\033[0m
[2025-03-30 12:49:23] Checking application build...
[2025-03-30 12:49:23] \033[0;32mApplication build is ready\033[0m
[2025-03-30 12:49:23] Prerequisites check completed
[2025-03-30 12:49:23] [1;33mProduction server is already running with PID: 87987[0m
[2025-03-30 12:49:33] Starting production environment setup...
[2025-03-30 12:49:33] Starting prerequisites check...
[2025-03-30 12:49:33] Checking required directories...
[2025-03-30 12:49:33] \033[0;32mAll required directories exist\033[0m
[2025-03-30 12:49:33] Checking Nginx status...
[2025-03-30 12:49:33] \033[0;31mNginx is not installed\033[0m
[2025-03-30 12:49:34] Checking SSL certificates...
[2025-03-30 12:49:34] \033[0;32mSSL certificates are valid\033[0m
[2025-03-30 12:49:34] Checking MongoDB status...
[2025-03-30 12:49:34] \033[0;31mMongoDB is not installed\033[0m
[2025-03-30 12:49:34] Checking environment variables...
[2025-03-30 12:49:34] \033[0;32mEnvironment variables are properly configured\033[0m
[2025-03-30 12:49:34] Checking application build...
[2025-03-30 12:49:34] \033[0;32mApplication build is ready\033[0m
[2025-03-30 12:49:34] Prerequisites check completed
[2025-03-30 12:49:34] [1;33mProduction server is already running with PID: 87987[0m
[2025-03-30 12:49:44] Starting production environment setup...
[2025-03-30 12:49:44] Starting prerequisites check...
[2025-03-30 12:49:44] Checking required directories...
[2025-03-30 12:49:44] \033[0;32mAll required directories exist\033[0m
[2025-03-30 12:49:44] Checking Nginx status...
[2025-03-30 12:49:44] \033[0;31mNginx is not installed\033[0m
[2025-03-30 12:49:44] Checking SSL certificates...
[2025-03-30 12:49:44] \033[0;32mSSL certificates are valid\033[0m
[2025-03-30 12:49:44] Checking MongoDB status...
[2025-03-30 12:49:44] \033[0;31mMongoDB is not installed\033[0m
[2025-03-30 12:49:44] Checking environment variables...
[2025-03-30 12:49:44] \033[0;32mEnvironment variables are properly configured\033[0m
[2025-03-30 12:49:44] Checking application build...
[2025-03-30 12:49:44] \033[0;32mApplication build is ready\033[0m
[2025-03-30 12:49:44] Prerequisites check completed
[2025-03-30 12:49:44] [1;33mProduction server is already running with PID: 87987[0m
[2025-03-30 12:49:55] Created directory: /Users/jediOne/dev/whatsdesigns/.next/server/app
[2025-03-30 12:49:55] Starting production environment setup...
[2025-03-30 12:49:55] Starting prerequisites check...
[2025-03-30 12:49:55] Checking required directories...
[2025-03-30 12:49:55] \033[0;32mAll required directories exist\033[0m
[2025-03-30 12:49:55] Checking Nginx status...
[2025-03-30 12:49:55] \033[0;31mNginx is not installed\033[0m
[2025-03-30 12:49:55] Checking SSL certificates...
[2025-03-30 12:49:55] \033[0;32mSSL certificates are valid\033[0m
[2025-03-30 12:49:55] Checking MongoDB status...
[2025-03-30 12:49:55] \033[0;31mMongoDB is not installed\033[0m
[2025-03-30 12:49:55] Checking environment variables...
[2025-03-30 12:49:55] \033[0;32mEnvironment variables are properly configured\033[0m
[2025-03-30 12:49:55] Checking application build...
[2025-03-30 12:49:55] \033[0;32mApplication build is ready\033[0m
[2025-03-30 12:49:55] Prerequisites check completed
[2025-03-30 12:49:55] [1;33mProduction server is already running with PID: 87987[0m
[2025-03-30 12:50:05] Starting production environment setup...
[2025-03-30 12:50:05] Starting prerequisites check...
[2025-03-30 12:50:05] Checking required directories...
[2025-03-30 12:50:05] \033[0;32mAll required directories exist\033[0m
[2025-03-30 12:50:05] Checking Nginx status...
[2025-03-30 12:50:05] \033[0;31mNginx is not installed\033[0m
[2025-03-30 12:50:05] Checking SSL certificates...
[2025-03-30 12:50:05] \033[0;32mSSL certificates are valid\033[0m
[2025-03-30 12:50:05] Checking MongoDB status...
[2025-03-30 12:50:05] \033[0;31mMongoDB is not installed\033[0m
[2025-03-30 12:50:05] Checking environment variables...
[2025-03-30 12:50:05] \033[0;32mEnvironment variables are properly configured\033[0m
[2025-03-30 12:50:05] Checking application build...
[2025-03-30 12:50:05] \033[0;32mApplication build is ready\033[0m
[2025-03-30 12:50:05] Prerequisites check completed
[2025-03-30 12:50:05] [1;33mProduction server is already running with PID: 87987[0m
[2025-03-30 12:50:15] Starting production environment setup...
[2025-03-30 12:50:15] Starting prerequisites check...
[2025-03-30 12:50:15] Checking required directories...
[2025-03-30 12:50:15] \033[0;32mAll required directories exist\033[0m
[2025-03-30 12:50:15] Checking Nginx status...
[2025-03-30 12:50:15] \033[0;31mNginx is not installed\033[0m
[2025-03-30 12:50:15] Checking SSL certificates...
[2025-03-30 12:50:15] \033[0;32mSSL certificates are valid\033[0m
[2025-03-30 12:50:15] Checking MongoDB status...
[2025-03-30 12:50:15] \033[0;31mMongoDB is not installed\033[0m
[2025-03-30 12:50:16] Checking environment variables...
[2025-03-30 12:50:16] \033[0;32mEnvironment variables are properly configured\033[0m
[2025-03-30 12:50:16] Checking application build...
[2025-03-30 12:50:16] \033[0;32mApplication build is ready\033[0m
[2025-03-30 12:50:16] Prerequisites check completed
[2025-03-30 12:50:16] [1;33mProduction server is already running with PID: 87987[0m
[2025-03-30 12:50:26] Starting production environment setup...
[2025-03-30 12:50:26] Starting prerequisites check...
[2025-03-30 12:50:26] Checking required directories...
[2025-03-30 12:50:26] \033[0;32mAll required directories exist\033[0m
[2025-03-30 12:50:26] Checking Nginx status...
[2025-03-30 12:50:26] \033[0;31mNginx is not installed\033[0m
[2025-03-30 12:50:26] Checking SSL certificates...
[2025-03-30 12:50:26] \033[0;32mSSL certificates are valid\033[0m
[2025-03-30 12:50:26] Checking MongoDB status...
[2025-03-30 12:50:26] \033[0;31mMongoDB is not installed\033[0m
[2025-03-30 12:50:26] Checking environment variables...
[2025-03-30 12:50:26] \033[0;32mEnvironment variables are properly configured\033[0m
[2025-03-30 12:50:26] Checking application build...
[2025-03-30 12:50:26] \033[0;32mApplication build is ready\033[0m
[2025-03-30 12:50:26] Prerequisites check completed
[2025-03-30 12:50:26] [1;33mProduction server is already running with PID: 87987[0m
[2025-03-30 12:50:36] Starting production environment setup...
[2025-03-30 12:50:36] Starting prerequisites check...
[2025-03-30 12:50:36] Checking required directories...
[2025-03-30 12:50:36] \033[0;32mAll required directories exist\033[0m
[2025-03-30 12:50:36] Checking Nginx status...
[2025-03-30 12:50:36] \033[0;31mNginx is not installed\033[0m
[2025-03-30 12:50:36] Checking SSL certificates...
[2025-03-30 12:50:36] \033[0;32mSSL certificates are valid\033[0m
[2025-03-30 12:50:36] Checking MongoDB status...
[2025-03-30 12:50:36] \033[0;31mMongoDB is not installed\033[0m
[2025-03-30 12:50:36] Checking environment variables...
[2025-03-30 12:50:36] \033[0;32mEnvironment variables are properly configured\033[0m
[2025-03-30 12:50:36] Checking application build...
[2025-03-30 12:50:36] \033[0;32mApplication build is ready\033[0m
[2025-03-30 12:50:36] Prerequisites check completed
[2025-03-30 12:50:36] [1;33mProduction server is already running with PID: 87987[0m
[2025-03-30 12:50:47] Starting production environment setup...
[2025-03-30 12:50:47] Starting prerequisites check...
[2025-03-30 12:50:47] Checking required directories...
[2025-03-30 12:50:47] \033[0;32mAll required directories exist\033[0m
[2025-03-30 12:50:47] Checking Nginx status...
[2025-03-30 12:50:47] \033[0;31mNginx is not installed\033[0m
[2025-03-30 12:50:47] Checking SSL certificates...
[2025-03-30 12:50:47] \033[0;32mSSL certificates are valid\033[0m
[2025-03-30 12:50:47] Checking MongoDB status...
[2025-03-30 12:50:47] \033[0;31mMongoDB is not installed\033[0m
[2025-03-30 12:50:47] Checking environment variables...
[2025-03-30 12:50:47] \033[0;32mEnvironment variables are properly configured\033[0m
[2025-03-30 12:50:47] Checking application build...
[2025-03-30 12:50:47] \033[0;32mApplication build is ready\033[0m
[2025-03-30 12:50:47] Prerequisites check completed
[2025-03-30 12:50:47] [1;33mProduction server is already running with PID: 87987[0m
[2025-03-30 12:50:57] Starting production environment setup...
[2025-03-30 12:50:57] Starting prerequisites check...
[2025-03-30 12:50:57] Checking required directories...
[2025-03-30 12:50:57] \033[0;32mAll required directories exist\033[0m
[2025-03-30 12:50:57] Checking Nginx status...
[2025-03-30 12:50:57] \033[0;31mNginx is not installed\033[0m
[2025-03-30 12:50:57] Checking SSL certificates...
[2025-03-30 12:50:57] \033[0;32mSSL certificates are valid\033[0m
[2025-03-30 12:50:57] Checking MongoDB status...
[2025-03-30 12:50:57] \033[0;31mMongoDB is not installed\033[0m
[2025-03-30 12:50:57] Checking environment variables...
[2025-03-30 12:50:57] \033[0;32mEnvironment variables are properly configured\033[0m
[2025-03-30 12:50:57] Checking application build...
[2025-03-30 12:50:57] \033[0;32mApplication build is ready\033[0m
[2025-03-30 12:50:57] Prerequisites check completed
[2025-03-30 12:50:57] [1;33mProduction server is already running with PID: 87987[0m
[2025-03-30 12:51:07] Starting production environment setup...
[2025-03-30 12:51:07] Starting prerequisites check...
[2025-03-30 12:51:07] Checking required directories...
[2025-03-30 12:51:07] \033[0;32mAll required directories exist\033[0m
[2025-03-30 12:51:07] Checking Nginx status...
[2025-03-30 12:51:07] \033[0;31mNginx is not installed\033[0m
[2025-03-30 12:51:08] Checking SSL certificates...
[2025-03-30 12:51:08] \033[0;32mSSL certificates are valid\033[0m
[2025-03-30 12:51:08] Checking MongoDB status...
[2025-03-30 12:51:08] \033[0;31mMongoDB is not installed\033[0m
[2025-03-30 12:51:08] Checking environment variables...
[2025-03-30 12:51:08] \033[0;32mEnvironment variables are properly configured\033[0m
[2025-03-30 12:51:08] Checking application build...
[2025-03-30 12:51:08] \033[0;32mApplication build is ready\033[0m
[2025-03-30 12:51:08] Prerequisites check completed
[2025-03-30 12:51:08] [1;33mProduction server is already running with PID: 87987[0m
[2025-03-30 12:51:18] Starting production environment setup...
[2025-03-30 12:51:18] Starting prerequisites check...
[2025-03-30 12:51:18] Checking required directories...
[2025-03-30 12:51:18] \033[0;32mAll required directories exist\033[0m
[2025-03-30 12:51:18] Checking Nginx status...
[2025-03-30 12:51:18] \033[0;31mNginx is not installed\033[0m
[2025-03-30 12:51:18] Checking SSL certificates...
[2025-03-30 12:51:18] \033[0;32mSSL certificates are valid\033[0m
[2025-03-30 12:51:18] Checking MongoDB status...
[2025-03-30 12:51:18] \033[0;31mMongoDB is not installed\033[0m
[2025-03-30 12:51:18] Checking environment variables...
[2025-03-30 12:51:18] \033[0;32mEnvironment variables are properly configured\033[0m
[2025-03-30 12:51:18] Checking application build...
[2025-03-30 12:51:18] \033[0;32mApplication build is ready\033[0m
[2025-03-30 12:51:18] Prerequisites check completed
[2025-03-30 12:51:18] [1;33mProduction server is already running with PID: 87987[0m
[2025-03-30 12:51:28] Starting production environment setup...
[2025-03-30 12:51:28] Starting prerequisites check...
[2025-03-30 12:51:28] Checking required directories...
[2025-03-30 12:51:28] \033[0;32mAll required directories exist\033[0m
[2025-03-30 12:51:28] Checking Nginx status...
[2025-03-30 12:51:28] \033[0;31mNginx is not installed\033[0m
[2025-03-30 12:51:28] Checking SSL certificates...
[2025-03-30 12:51:28] \033[0;32mSSL certificates are valid\033[0m
[2025-03-30 12:51:28] Checking MongoDB status...
[2025-03-30 12:51:28] \033[0;31mMongoDB is not installed\033[0m
[2025-03-30 12:51:28] Checking environment variables...
[2025-03-30 12:51:28] \033[0;32mEnvironment variables are properly configured\033[0m
[2025-03-30 12:51:28] Checking application build...
[2025-03-30 12:51:28] \033[0;32mApplication build is ready\033[0m
[2025-03-30 12:51:28] Prerequisites check completed
[2025-03-30 12:51:28] [1;33mProduction server is already running with PID: 87987[0m
[2025-03-30 12:51:39] Starting production environment setup...
[2025-03-30 12:51:39] Starting prerequisites check...
[2025-03-30 12:51:39] Checking required directories...
[2025-03-30 12:51:39] \033[0;32mAll required directories exist\033[0m
[2025-03-30 12:51:39] Checking Nginx status...
[2025-03-30 12:51:39] \033[0;31mNginx is not installed\033[0m
[2025-03-30 12:51:39] Checking SSL certificates...
[2025-03-30 12:51:39] \033[0;32mSSL certificates are valid\033[0m
[2025-03-30 12:51:39] Checking MongoDB status...
[2025-03-30 12:51:39] \033[0;31mMongoDB is not installed\033[0m
[2025-03-30 12:51:39] Checking environment variables...
[2025-03-30 12:51:39] \033[0;32mEnvironment variables are properly configured\033[0m
[2025-03-30 12:51:39] Checking application build...
[2025-03-30 12:51:39] \033[0;32mApplication build is ready\033[0m
[2025-03-30 12:51:39] Prerequisites check completed
[2025-03-30 12:51:39] [1;33mProduction server is already running with PID: 87987[0m
[2025-03-30 12:51:49] Starting production environment setup...
[2025-03-30 12:51:49] Starting prerequisites check...
[2025-03-30 12:51:49] Checking required directories...
[2025-03-30 12:51:49] \033[0;32mAll required directories exist\033[0m
[2025-03-30 12:51:49] Checking Nginx status...
[2025-03-30 12:51:49] \033[0;31mNginx is not installed\033[0m
[2025-03-30 12:51:49] Checking SSL certificates...
[2025-03-30 12:51:49] \033[0;32mSSL certificates are valid\033[0m
[2025-03-30 12:51:49] Checking MongoDB status...
[2025-03-30 12:51:49] \033[0;31mMongoDB is not installed\033[0m
[2025-03-30 12:51:49] Checking environment variables...
[2025-03-30 12:51:49] \033[0;32mEnvironment variables are properly configured\033[0m
[2025-03-30 12:51:49] Checking application build...
[2025-03-30 12:51:49] \033[0;32mApplication build is ready\033[0m
[2025-03-30 12:51:49] Prerequisites check completed
[2025-03-30 12:51:49] [1;33mProduction server is already running with PID: 87987[0m
[2025-03-30 12:51:59] Starting production environment setup...
[2025-03-30 12:51:59] Starting prerequisites check...
[2025-03-30 12:51:59] Checking required directories...
[2025-03-30 12:51:59] \033[0;32mAll required directories exist\033[0m
[2025-03-30 12:51:59] Checking Nginx status...
[2025-03-30 12:51:59] \033[0;31mNginx is not installed\033[0m
[2025-03-30 12:51:59] Checking SSL certificates...
[2025-03-30 12:51:59] \033[0;32mSSL certificates are valid\033[0m
[2025-03-30 12:51:59] Checking MongoDB status...
[2025-03-30 12:51:59] \033[0;31mMongoDB is not installed\033[0m
[2025-03-30 12:52:00] Checking environment variables...
[2025-03-30 12:52:00] \033[0;32mEnvironment variables are properly configured\033[0m
[2025-03-30 12:52:00] Checking application build...
[2025-03-30 12:52:00] \033[0;32mApplication build is ready\033[0m
[2025-03-30 12:52:00] Prerequisites check completed
[2025-03-30 12:52:00] [1;33mProduction server is already running with PID: 87987[0m
[2025-03-30 12:52:10] Starting production environment setup...
[2025-03-30 12:52:10] Starting prerequisites check...
[2025-03-30 12:52:10] Checking required directories...
[2025-03-30 12:52:10] \033[0;32mAll required directories exist\033[0m
[2025-03-30 12:52:10] Checking Nginx status...
[2025-03-30 12:52:10] \033[0;31mNginx is not installed\033[0m
[2025-03-30 12:52:10] Checking SSL certificates...
[2025-03-30 12:52:10] \033[0;32mSSL certificates are valid\033[0m
[2025-03-30 12:52:10] Checking MongoDB status...
[2025-03-30 12:52:10] \033[0;31mMongoDB is not installed\033[0m
[2025-03-30 12:52:10] Checking environment variables...
[2025-03-30 12:52:10] \033[0;32mEnvironment variables are properly configured\033[0m
[2025-03-30 12:52:10] Checking application build...
[2025-03-30 12:52:10] \033[0;32mApplication build is ready\033[0m
[2025-03-30 12:52:10] Prerequisites check completed
[2025-03-30 12:52:10] [1;33mProduction server is already running with PID: 87987[0m
[2025-03-30 12:52:20] Starting production environment setup...
[2025-03-30 12:52:20] Starting prerequisites check...
[2025-03-30 12:52:20] Checking required directories...
[2025-03-30 12:52:20] \033[0;32mAll required directories exist\033[0m
[2025-03-30 12:52:20] Checking Nginx status...
[2025-03-30 12:52:20] \033[0;31mNginx is not installed\033[0m
[2025-03-30 12:52:20] Checking SSL certificates...
[2025-03-30 12:52:20] \033[0;32mSSL certificates are valid\033[0m
[2025-03-30 12:52:20] Checking MongoDB status...
[2025-03-30 12:52:20] \033[0;31mMongoDB is not installed\033[0m
[2025-03-30 12:52:20] Checking environment variables...
[2025-03-30 12:52:20] \033[0;32mEnvironment variables are properly configured\033[0m
[2025-03-30 12:52:20] Checking application build...
[2025-03-30 12:52:20] \033[0;32mApplication build is ready\033[0m
[2025-03-30 12:52:20] Prerequisites check completed
[2025-03-30 12:52:20] [1;33mProduction server is already running with PID: 87987[0m
[2025-03-30 12:52:31] Starting production environment setup...
[2025-03-30 12:52:31] Starting prerequisites check...
[2025-03-30 12:52:31] Checking required directories...
[2025-03-30 12:52:31] \033[0;32mAll required directories exist\033[0m
[2025-03-30 12:52:31] Checking Nginx status...
[2025-03-30 12:52:31] \033[0;31mNginx is not installed\033[0m
[2025-03-30 12:52:31] Checking SSL certificates...
[2025-03-30 12:52:31] \033[0;32mSSL certificates are valid\033[0m
[2025-03-30 12:52:31] Checking MongoDB status...
[2025-03-30 12:52:31] \033[0;31mMongoDB is not installed\033[0m
[2025-03-30 12:52:31] Checking environment variables...
[2025-03-30 12:52:31] \033[0;32mEnvironment variables are properly configured\033[0m
[2025-03-30 12:52:31] Checking application build...
[2025-03-30 12:52:31] \033[0;32mApplication build is ready\033[0m
[2025-03-30 12:52:31] Prerequisites check completed
[2025-03-30 12:52:31] [1;33mProduction server is already running with PID: 87987[0m
[2025-03-30 12:52:41] Starting production environment setup...
[2025-03-30 12:52:41] Starting prerequisites check...
[2025-03-30 12:52:41] Checking required directories...
[2025-03-30 12:52:41] \033[0;32mAll required directories exist\033[0m
[2025-03-30 12:52:41] Checking Nginx status...
[2025-03-30 12:52:41] \033[0;31mNginx is not installed\033[0m
[2025-03-30 12:52:41] Checking SSL certificates...
[2025-03-30 12:52:41] \033[0;32mSSL certificates are valid\033[0m
[2025-03-30 12:52:41] Checking MongoDB status...
[2025-03-30 12:52:41] \033[0;31mMongoDB is not installed\033[0m
[2025-03-30 12:52:41] Checking environment variables...
[2025-03-30 12:52:41] \033[0;32mEnvironment variables are properly configured\033[0m
[2025-03-30 12:52:41] Checking application build...
[2025-03-30 12:52:41] \033[0;32mApplication build is ready\033[0m
[2025-03-30 12:52:41] Prerequisites check completed
[2025-03-30 12:52:41] Starting production server...
[2025-03-30 12:52:41] Building application...
[2025-03-30 12:52:41] [0;31mBuild failed[0m
[2025-03-30 12:52:51] Starting production environment setup...
[2025-03-30 12:52:51] Starting prerequisites check...
[2025-03-30 12:52:51] Checking required directories...
[2025-03-30 12:52:51] \033[0;32mAll required directories exist\033[0m
[2025-03-30 12:52:51] Checking Nginx status...
[2025-03-30 12:52:51] \033[0;31mNginx is not installed\033[0m
[2025-03-30 12:52:52] Checking SSL certificates...
[2025-03-30 12:52:52] \033[0;32mSSL certificates are valid\033[0m
[2025-03-30 12:52:52] Checking MongoDB status...
[2025-03-30 12:52:52] \033[0;31mMongoDB is not installed\033[0m
[2025-03-30 12:52:52] Checking environment variables...
[2025-03-30 12:52:52] \033[0;32mEnvironment variables are properly configured\033[0m
[2025-03-30 12:52:52] Checking application build...
[2025-03-30 12:52:52] \033[0;32mApplication build is ready\033[0m
[2025-03-30 12:52:52] Prerequisites check completed
[2025-03-30 12:52:52] Starting production server...
[2025-03-30 12:52:52] Building application...
[2025-03-30 12:52:52] [0;31mBuild failed[0m
[2025-03-30 12:53:02] Starting production environment setup...
[2025-03-30 12:53:02] Starting prerequisites check...
[2025-03-30 12:53:02] Checking required directories...
[2025-03-30 12:53:02] \033[0;32mAll required directories exist\033[0m
[2025-03-30 12:53:02] Checking Nginx status...
[2025-03-30 12:53:02] \033[0;31mNginx is not installed\033[0m
[2025-03-30 12:53:02] Checking SSL certificates...
[2025-03-30 12:53:02] \033[0;32mSSL certificates are valid\033[0m
[2025-03-30 12:53:02] Checking MongoDB status...
[2025-03-30 12:53:02] \033[0;31mMongoDB is not installed\033[0m
[2025-03-30 12:53:02] Checking environment variables...
[2025-03-30 12:53:02] \033[0;32mEnvironment variables are properly configured\033[0m
[2025-03-30 12:53:02] Checking application build...
[2025-03-30 12:53:02] \033[0;32mApplication build is ready\033[0m
[2025-03-30 12:53:02] Prerequisites check completed
[2025-03-30 12:53:02] Starting production server...
[2025-03-30 12:53:02] Building application...
[2025-03-30 12:53:02] [0;31mBuild failed[0m
[2025-03-30 12:53:12] Starting production environment setup...
[2025-03-30 12:53:12] Starting prerequisites check...
[2025-03-30 12:53:12] Checking required directories...
[2025-03-30 12:53:12] \033[0;32mAll required directories exist\033[0m
[2025-03-30 12:53:12] Checking Nginx status...
[2025-03-30 12:53:12] \033[0;31mNginx is not installed\033[0m
[2025-03-30 12:53:12] Checking SSL certificates...
[2025-03-30 12:53:12] \033[0;32mSSL certificates are valid\033[0m
[2025-03-30 12:53:12] Checking MongoDB status...
[2025-03-30 12:53:12] \033[0;31mMongoDB is not installed\033[0m
[2025-03-30 12:53:12] Checking environment variables...
[2025-03-30 12:53:12] \033[0;32mEnvironment variables are properly configured\033[0m
[2025-03-30 12:53:12] Checking application build...
[2025-03-30 12:53:12] \033[0;32mApplication build is ready\033[0m
[2025-03-30 12:53:12] Prerequisites check completed
[2025-03-30 12:53:12] Starting production server...
[2025-03-30 12:53:13] Building application...
[2025-03-30 12:53:13] [0;31mBuild failed[0m
[2025-03-30 12:53:23] Starting production environment setup...
[2025-03-30 12:53:23] Starting prerequisites check...
[2025-03-30 12:53:23] Checking required directories...
[2025-03-30 12:53:23] \033[0;32mAll required directories exist\033[0m
[2025-03-30 12:53:23] Checking Nginx status...
[2025-03-30 12:53:23] \033[0;31mNginx is not installed\033[0m
[2025-03-30 12:53:23] Checking SSL certificates...
[2025-03-30 12:53:23] \033[0;32mSSL certificates are valid\033[0m
[2025-03-30 12:53:23] Checking MongoDB status...
[2025-03-30 12:53:23] \033[0;31mMongoDB is not installed\033[0m
[2025-03-30 12:53:23] Checking environment variables...
[2025-03-30 12:53:23] \033[0;32mEnvironment variables are properly configured\033[0m
[2025-03-30 12:53:23] Checking application build...
[2025-03-30 12:53:23] \033[0;32mApplication build is ready\033[0m
[2025-03-30 12:53:23] Prerequisites check completed
[2025-03-30 12:53:23] Starting production server...
[2025-03-30 12:53:23] Building application...
[2025-03-30 12:53:23] [0;31mBuild failed[0m
[2025-03-30 12:54:13] Starting production environment setup...
[2025-03-30 12:54:14] Starting prerequisites check...
[2025-03-30 12:54:15] Checking required directories...
[2025-03-30 12:54:15] \033[0;32mAll required directories exist\033[0m
[2025-03-30 12:54:16] Checking Nginx status...
[2025-03-30 12:54:16] \033[0;31mNginx is not installed\033[0m
[2025-03-30 12:54:20] Checking SSL certificates...
[2025-03-30 12:54:20] \033[0;32mSSL certificates are valid\033[0m
[2025-03-30 12:54:20] Checking MongoDB status...
[2025-03-30 12:54:20] \033[0;31mMongoDB is not installed\033[0m
[2025-03-30 12:54:20] Checking environment variables...
[2025-03-30 12:54:20] \033[0;32mEnvironment variables are properly configured\033[0m
[2025-03-30 12:54:20] Checking application build...
[2025-03-30 12:54:20] \033[0;32mApplication build is ready\033[0m
[2025-03-30 12:54:20] Prerequisites check completed
[2025-03-30 12:54:21] Starting production server...
[2025-03-30 12:54:21] Building application...
[2025-03-30 12:54:21] [0;31mBuild failed[0m
[2025-03-30 12:54:22] Starting production environment setup...
[2025-03-30 12:54:22] Starting prerequisites check...
[2025-03-30 12:54:22] Checking required directories...
[2025-03-30 12:54:22] \033[0;32mAll required directories exist\033[0m
[2025-03-30 12:54:22] Checking Nginx status...
[2025-03-30 12:54:22] \033[0;31mNginx is not installed\033[0m
[2025-03-30 12:54:22] Checking SSL certificates...
[2025-03-30 12:54:23] \033[0;32mSSL certificates are valid\033[0m
[2025-03-30 12:54:23] Checking MongoDB status...
[2025-03-30 12:54:23] \033[0;31mMongoDB is not installed\033[0m
[2025-03-30 12:54:23] Checking environment variables...
[2025-03-30 12:54:23] \033[0;32mEnvironment variables are properly configured\033[0m
[2025-03-30 12:54:23] Checking application build...
[2025-03-30 12:54:23] \033[0;32mApplication build is ready\033[0m
[2025-03-30 12:54:23] Prerequisites check completed
[2025-03-30 12:54:23] Starting production server...
[2025-03-30 12:54:23] Building application...
[2025-03-30 12:54:23] [0;31mBuild failed[0m
[2025-03-30 12:54:33] Starting production environment setup...
[2025-03-30 12:54:33] Starting prerequisites check...
[2025-03-30 12:54:33] Checking required directories...
[2025-03-30 12:54:33] \033[0;32mAll required directories exist\033[0m
[2025-03-30 12:54:33] Checking Nginx status...
[2025-03-30 12:54:33] \033[0;31mNginx is not installed\033[0m
[2025-03-30 12:54:33] Checking SSL certificates...
[2025-03-30 12:54:33] \033[0;32mSSL certificates are valid\033[0m
[2025-03-30 12:54:33] Checking MongoDB status...
[2025-03-30 12:54:33] \033[0;31mMongoDB is not installed\033[0m
[2025-03-30 12:54:33] Checking environment variables...
[2025-03-30 12:54:34] \033[0;32mEnvironment variables are properly configured\033[0m
[2025-03-30 12:54:34] Checking application build...
[2025-03-30 12:54:34] \033[0;32mApplication build is ready\033[0m
[2025-03-30 12:54:34] Prerequisites check completed
[2025-03-30 12:54:34] Starting production server...
[2025-03-30 12:54:34] Building application...
[2025-03-30 12:54:34] [0;31mBuild failed[0m
[2025-03-30 12:54:43] Starting production environment setup...
[2025-03-30 12:54:43] Starting prerequisites check...
[2025-03-30 12:54:43] Checking required directories...
[2025-03-30 12:54:43] \033[0;32mAll required directories exist\033[0m
[2025-03-30 12:54:43] Checking Nginx status...
[2025-03-30 12:54:43] \033[0;31mNginx is not installed\033[0m
[2025-03-30 12:54:43] Checking SSL certificates...
[2025-03-30 12:54:43] \033[0;32mSSL certificates are valid\033[0m
[2025-03-30 12:54:43] Checking MongoDB status...
[2025-03-30 12:54:43] \033[0;31mMongoDB is not installed\033[0m
[2025-03-30 12:54:43] Checking environment variables...
[2025-03-30 12:54:43] \033[0;32mEnvironment variables are properly configured\033[0m
[2025-03-30 12:54:43] Checking application build...
[2025-03-30 12:54:43] \033[0;32mApplication build is ready\033[0m
[2025-03-30 12:54:43] Prerequisites check completed
[2025-03-30 12:54:43] Starting production server...
[2025-03-30 12:54:43] Building application...
[2025-03-30 12:54:43] [0;31mBuild failed[0m
[2025-03-30 12:54:53] Starting production environment setup...
[2025-03-30 12:54:53] Starting prerequisites check...
[2025-03-30 12:54:53] Checking required directories...
[2025-03-30 12:54:53] \033[0;32mAll required directories exist\033[0m
[2025-03-30 12:54:53] Checking Nginx status...
[2025-03-30 12:54:53] \033[0;31mNginx is not installed\033[0m
[2025-03-30 12:54:54] Checking SSL certificates...
[2025-03-30 12:54:54] \033[0;32mSSL certificates are valid\033[0m
[2025-03-30 12:54:54] Checking MongoDB status...
[2025-03-30 12:54:54] \033[0;31mMongoDB is not installed\033[0m
[2025-03-30 12:54:54] Checking environment variables...
[2025-03-30 12:54:54] \033[0;32mEnvironment variables are properly configured\033[0m
[2025-03-30 12:54:54] Checking application build...
[2025-03-30 12:54:54] \033[0;32mApplication build is ready\033[0m
[2025-03-30 12:54:54] Prerequisites check completed
[2025-03-30 12:54:54] Starting production server...
[2025-03-30 12:54:54] Building application...
[2025-03-30 12:54:54] [0;31mBuild failed[0m
[2025-03-30 12:55:04] Starting production environment setup...
[2025-03-30 12:55:04] Starting prerequisites check...
[2025-03-30 12:55:04] Checking required directories...
[2025-03-30 12:55:04] \033[0;32mAll required directories exist\033[0m
[2025-03-30 12:55:04] Checking Nginx status...
[2025-03-30 12:55:04] \033[0;31mNginx is not installed\033[0m
[2025-03-30 12:55:04] Checking SSL certificates...
[2025-03-30 12:55:04] \033[0;32mSSL certificates are valid\033[0m
[2025-03-30 12:55:04] Checking MongoDB status...
[2025-03-30 12:55:04] \033[0;31mMongoDB is not installed\033[0m
[2025-03-30 12:55:04] Checking environment variables...
[2025-03-30 12:55:04] \033[0;32mEnvironment variables are properly configured\033[0m
[2025-03-30 12:55:04] Checking application build...
[2025-03-30 12:55:04] \033[0;32mApplication build is ready\033[0m
[2025-03-30 12:55:04] Prerequisites check completed
[2025-03-30 12:55:04] Starting production server...
[2025-03-30 12:55:04] Building application...
[2025-03-30 12:55:04] [0;31mBuild failed[0m
[2025-03-30 12:55:14] Starting production environment setup...
[2025-03-30 12:55:14] Starting prerequisites check...
[2025-03-30 12:55:14] Checking required directories...
[2025-03-30 12:55:14] \033[0;32mAll required directories exist\033[0m
[2025-03-30 12:55:14] Checking Nginx status...
[2025-03-30 12:55:14] \033[0;31mNginx is not installed\033[0m
[2025-03-30 12:55:14] Checking SSL certificates...
[2025-03-30 12:55:14] \033[0;32mSSL certificates are valid\033[0m
[2025-03-30 12:55:14] Checking MongoDB status...
[2025-03-30 12:55:14] \033[0;31mMongoDB is not installed\033[0m
[2025-03-30 12:55:15] Checking environment variables...
[2025-03-30 12:55:15] \033[0;32mEnvironment variables are properly configured\033[0m
[2025-03-30 12:55:15] Checking application build...
[2025-03-30 12:55:15] \033[0;32mApplication build is ready\033[0m
[2025-03-30 12:55:15] Prerequisites check completed
[2025-03-30 12:55:15] Starting production server...
[2025-03-30 12:55:15] Building application...
[2025-03-30 12:55:15] [0;31mBuild failed[0m
[2025-03-30 12:55:25] Starting production environment setup...
[2025-03-30 12:55:25] Starting prerequisites check...
[2025-03-30 12:55:25] Checking required directories...
[2025-03-30 12:55:25] \033[0;32mAll required directories exist\033[0m
[2025-03-30 12:55:25] Checking Nginx status...
[2025-03-30 12:55:25] \033[0;31mNginx is not installed\033[0m
[2025-03-30 12:55:25] Checking SSL certificates...
[2025-03-30 12:55:25] \033[0;32mSSL certificates are valid\033[0m
[2025-03-30 12:55:25] Checking MongoDB status...
[2025-03-30 12:55:25] \033[0;31mMongoDB is not installed\033[0m
[2025-03-30 12:55:25] Checking environment variables...
[2025-03-30 12:55:25] \033[0;32mEnvironment variables are properly configured\033[0m
[2025-03-30 12:55:25] Checking application build...
[2025-03-30 12:55:25] \033[0;32mApplication build is ready\033[0m
[2025-03-30 12:55:25] Prerequisites check completed
[2025-03-30 12:55:25] Starting production server...
[2025-03-30 12:55:25] Building application...
[2025-03-30 12:55:25] [0;31mBuild failed[0m
[2025-03-30 12:55:35] Starting production environment setup...
[2025-03-30 12:55:35] Starting prerequisites check...
[2025-03-30 12:55:35] Checking required directories...
[2025-03-30 12:55:35] \033[0;32mAll required directories exist\033[0m
[2025-03-30 12:55:35] Checking Nginx status...
[2025-03-30 12:55:35] \033[0;31mNginx is not installed\033[0m
[2025-03-30 12:55:35] Checking SSL certificates...
[2025-03-30 12:55:35] \033[0;32mSSL certificates are valid\033[0m
[2025-03-30 12:55:35] Checking MongoDB status...
[2025-03-30 12:55:35] \033[0;31mMongoDB is not installed\033[0m
[2025-03-30 12:55:35] Checking environment variables...
[2025-03-30 12:55:35] \033[0;32mEnvironment variables are properly configured\033[0m
[2025-03-30 12:55:35] Checking application build...
[2025-03-30 12:55:35] \033[0;32mApplication build is ready\033[0m
[2025-03-30 12:55:35] Prerequisites check completed
[2025-03-30 12:55:35] Starting production server...
[2025-03-30 12:55:35] Building application...
[2025-03-30 12:55:35] [0;31mBuild failed[0m
[2025-03-30 12:55:46] Starting production environment setup...
[2025-03-30 12:55:46] Starting prerequisites check...
[2025-03-30 12:55:46] Checking required directories...
[2025-03-30 12:55:46] \033[0;32mAll required directories exist\033[0m
[2025-03-30 12:55:46] Checking Nginx status...
[2025-03-30 12:55:46] \033[0;31mNginx is not installed\033[0m
[2025-03-30 12:55:46] Checking SSL certificates...
[2025-03-30 12:55:46] \033[0;32mSSL certificates are valid\033[0m
[2025-03-30 12:55:46] Checking MongoDB status...
[2025-03-30 12:55:46] \033[0;31mMongoDB is not installed\033[0m
[2025-03-30 12:55:46] Checking environment variables...
[2025-03-30 12:55:46] \033[0;32mEnvironment variables are properly configured\033[0m
[2025-03-30 12:55:46] Checking application build...
[2025-03-30 12:55:46] \033[0;32mApplication build is ready\033[0m
[2025-03-30 12:55:46] Prerequisites check completed
[2025-03-30 12:55:46] Starting production server...
[2025-03-30 12:55:46] Building application...
[2025-03-30 12:55:46] [0;31mBuild failed[0m
[2025-03-30 12:55:56] Starting production environment setup...
[2025-03-30 12:55:56] Starting prerequisites check...
[2025-03-30 12:55:56] Checking required directories...
[2025-03-30 12:55:56] \033[0;32mAll required directories exist\033[0m
[2025-03-30 12:55:56] Checking Nginx status...
[2025-03-30 12:55:56] \033[0;31mNginx is not installed\033[0m
[2025-03-30 12:55:56] Checking SSL certificates...
[2025-03-30 12:55:56] \033[0;32mSSL certificates are valid\033[0m
[2025-03-30 12:55:56] Checking MongoDB status...
[2025-03-30 12:55:56] \033[0;31mMongoDB is not installed\033[0m
[2025-03-30 12:55:56] Checking environment variables...
[2025-03-30 12:55:56] \033[0;32mEnvironment variables are properly configured\033[0m
[2025-03-30 12:55:56] Checking application build...
[2025-03-30 12:55:56] \033[0;32mApplication build is ready\033[0m
[2025-03-30 12:55:56] Prerequisites check completed
[2025-03-30 12:55:56] Starting production server...
[2025-03-30 12:55:56] Building application...
[2025-03-30 12:55:56] [0;31mBuild failed[0m
[2025-03-30 12:56:06] Starting production environment setup...
[2025-03-30 12:56:06] Starting prerequisites check...
[2025-03-30 12:56:06] Checking required directories...
[2025-03-30 12:56:06] \033[0;32mAll required directories exist\033[0m
[2025-03-30 12:56:06] Checking Nginx status...
[2025-03-30 12:56:06] \033[0;31mNginx is not installed\033[0m
[2025-03-30 12:56:06] Checking SSL certificates...
[2025-03-30 12:56:06] \033[0;32mSSL certificates are valid\033[0m
[2025-03-30 12:56:06] Checking MongoDB status...
[2025-03-30 12:56:07] \033[0;31mMongoDB is not installed\033[0m
[2025-03-30 12:56:07] Checking environment variables...
[2025-03-30 12:56:07] \033[0;32mEnvironment variables are properly configured\033[0m
[2025-03-30 12:56:07] Checking application build...
[2025-03-30 12:56:07] \033[0;32mApplication build is ready\033[0m
[2025-03-30 12:56:07] Prerequisites check completed
[2025-03-30 12:56:07] Starting production server...
[2025-03-30 12:56:07] Building application...
[2025-03-30 12:56:07] [0;31mBuild failed[0m
[2025-03-30 12:56:17] Starting production environment setup...
[2025-03-30 12:56:17] Starting prerequisites check...
[2025-03-30 12:56:17] Checking required directories...
[2025-03-30 12:56:17] \033[0;32mAll required directories exist\033[0m
[2025-03-30 12:56:17] Checking Nginx status...
[2025-03-30 12:56:17] \033[0;31mNginx is not installed\033[0m
[2025-03-30 12:56:17] Checking SSL certificates...
[2025-03-30 12:56:17] \033[0;32mSSL certificates are valid\033[0m
[2025-03-30 12:56:17] Checking MongoDB status...
[2025-03-30 12:56:17] \033[0;31mMongoDB is not installed\033[0m
[2025-03-30 12:56:17] Checking environment variables...
[2025-03-30 12:56:17] \033[0;32mEnvironment variables are properly configured\033[0m
[2025-03-30 12:56:17] Checking application build...
[2025-03-30 12:56:17] \033[0;32mApplication build is ready\033[0m
[2025-03-30 12:56:17] Prerequisites check completed
[2025-03-30 12:56:17] Starting production server...
[2025-03-30 12:56:17] Building application...
[2025-03-30 12:56:17] [0;31mBuild failed[0m
[2025-03-30 12:56:21] Starting production environment setup...
[2025-03-30 12:56:21] Starting prerequisites check...
[2025-03-30 12:56:21] Checking required directories...
[2025-03-30 12:56:21] \033[0;32mAll required directories exist\033[0m
[2025-03-30 12:56:21] Checking Nginx status...
[2025-03-30 12:56:21] \033[0;31mNginx is not installed\033[0m
[2025-03-30 12:56:21] Checking SSL certificates...
[2025-03-30 12:56:21] \033[0;32mSSL certificates are valid\033[0m
[2025-03-30 12:56:21] Checking MongoDB status...
[2025-03-30 12:56:21] \033[0;31mMongoDB is not installed\033[0m
[2025-03-30 12:56:21] Checking environment variables...
[2025-03-30 12:56:21] \033[0;32mEnvironment variables are properly configured\033[0m
[2025-03-30 12:56:21] Checking application build...
[2025-03-30 12:56:21] \033[0;32mApplication build is ready\033[0m
[2025-03-30 12:56:22] Prerequisites check completed
[2025-03-30 12:56:22] Starting production server...
[2025-03-30 12:56:22] Building application...
[2025-03-30 12:56:22] [0;31mBuild failed[0m
[2025-03-30 12:56:32] Starting production environment setup...
[2025-03-30 12:56:32] Starting prerequisites check...
[2025-03-30 12:56:32] Checking required directories...
[2025-03-30 12:56:32] \033[0;32mAll required directories exist\033[0m
[2025-03-30 12:56:32] Checking Nginx status...
[2025-03-30 12:56:32] \033[0;31mNginx is not installed\033[0m
[2025-03-30 12:56:32] Checking SSL certificates...
[2025-03-30 12:56:32] \033[0;32mSSL certificates are valid\033[0m
[2025-03-30 12:56:32] Checking MongoDB status...
[2025-03-30 12:56:32] \033[0;31mMongoDB is not installed\033[0m
[2025-03-30 12:56:32] Checking environment variables...
[2025-03-30 12:56:32] \033[0;32mEnvironment variables are properly configured\033[0m
[2025-03-30 12:56:32] Checking application build...
[2025-03-30 12:56:32] \033[0;32mApplication build is ready\033[0m
[2025-03-30 12:56:32] Prerequisites check completed
[2025-03-30 12:56:32] Starting production server...
[2025-03-30 12:56:32] Building application...
[2025-03-30 12:56:32] [0;31mBuild failed[0m
[2025-03-30 12:56:42] Starting production environment setup...
[2025-03-30 12:56:42] Starting prerequisites check...
[2025-03-30 12:56:42] Checking required directories...
[2025-03-30 12:56:42] \033[0;32mAll required directories exist\033[0m
[2025-03-30 12:56:42] Checking Nginx status...
[2025-03-30 12:56:42] \033[0;31mNginx is not installed\033[0m
[2025-03-30 12:56:42] Checking SSL certificates...
[2025-03-30 12:56:42] \033[0;32mSSL certificates are valid\033[0m
[2025-03-30 12:56:42] Checking MongoDB status...
[2025-03-30 12:56:42] \033[0;31mMongoDB is not installed\033[0m
[2025-03-30 12:56:42] Checking environment variables...
[2025-03-30 12:56:42] \033[0;32mEnvironment variables are properly configured\033[0m
[2025-03-30 12:56:42] Checking application build...
[2025-03-30 12:56:42] \033[0;32mApplication build is ready\033[0m
[2025-03-30 12:56:42] Prerequisites check completed
[2025-03-30 12:56:42] Starting production server...
[2025-03-30 12:56:42] Building application...
[2025-03-30 12:56:42] [0;31mBuild failed[0m
[2025-03-30 12:56:52] Starting production environment setup...
[2025-03-30 12:56:53] Starting prerequisites check...
[2025-03-30 12:56:53] Checking required directories...
[2025-03-30 12:56:53] \033[0;32mAll required directories exist\033[0m
[2025-03-30 12:56:53] Checking Nginx status...
[2025-03-30 12:56:53] \033[0;31mNginx is not installed\033[0m
[2025-03-30 12:56:53] Checking SSL certificates...
[2025-03-30 12:56:53] \033[0;32mSSL certificates are valid\033[0m
[2025-03-30 12:56:53] Checking MongoDB status...
[2025-03-30 12:56:53] \033[0;31mMongoDB is not installed\033[0m
[2025-03-30 12:56:53] Checking environment variables...
[2025-03-30 12:56:53] \033[0;32mEnvironment variables are properly configured\033[0m
[2025-03-30 12:56:53] Checking application build...
[2025-03-30 12:56:53] \033[0;32mApplication build is ready\033[0m
[2025-03-30 12:56:53] Prerequisites check completed
[2025-03-30 12:56:53] Starting production server...
[2025-03-30 12:56:53] Building application...
[2025-03-30 12:56:53] [0;31mBuild failed[0m
[2025-03-30 12:57:03] Starting production environment setup...
[2025-03-30 12:57:03] Starting prerequisites check...
[2025-03-30 12:57:03] Checking required directories...
[2025-03-30 12:57:03] \033[0;32mAll required directories exist\033[0m
[2025-03-30 12:57:03] Checking Nginx status...
[2025-03-30 12:57:03] \033[0;31mNginx is not installed\033[0m
[2025-03-30 12:57:03] Checking SSL certificates...
[2025-03-30 12:57:03] \033[0;32mSSL certificates are valid\033[0m
[2025-03-30 12:57:03] Checking MongoDB status...
[2025-03-30 12:57:03] \033[0;31mMongoDB is not installed\033[0m
[2025-03-30 12:57:03] Checking environment variables...
[2025-03-30 12:57:03] \033[0;32mEnvironment variables are properly configured\033[0m
[2025-03-30 12:57:03] Checking application build...
[2025-03-30 12:57:03] \033[0;32mApplication build is ready\033[0m
[2025-03-30 12:57:03] Prerequisites check completed
[2025-03-30 12:57:03] Starting production server...
[2025-03-30 12:57:03] Building application...
[2025-03-30 12:57:03] [0;31mBuild failed[0m
[2025-03-30 12:57:13] Starting production environment setup...
[2025-03-30 12:57:13] Starting prerequisites check...
[2025-03-30 12:57:13] Checking required directories...
[2025-03-30 12:57:13] \033[0;32mAll required directories exist\033[0m
[2025-03-30 12:57:13] Checking Nginx status...
[2025-03-30 12:57:13] \033[0;31mNginx is not installed\033[0m
[2025-03-30 12:57:13] Checking SSL certificates...
[2025-03-30 12:57:13] \033[0;32mSSL certificates are valid\033[0m
[2025-03-30 12:57:13] Checking MongoDB status...
[2025-03-30 12:57:13] \033[0;31mMongoDB is not installed\033[0m
[2025-03-30 12:57:14] Checking environment variables...
[2025-03-30 12:57:14] \033[0;32mEnvironment variables are properly configured\033[0m
[2025-03-30 12:57:14] Checking application build...
[2025-03-30 12:57:14] \033[0;32mApplication build is ready\033[0m
[2025-03-30 12:57:14] Prerequisites check completed
[2025-03-30 12:57:14] Starting production server...
[2025-03-30 12:57:14] Building application...
[2025-03-30 12:57:14] [0;31mBuild failed[0m
[2025-03-30 12:57:24] Starting production environment setup...
[2025-03-30 12:57:24] Starting prerequisites check...
[2025-03-30 12:57:24] Checking required directories...
[2025-03-30 12:57:24] \033[0;32mAll required directories exist\033[0m
[2025-03-30 12:57:24] Checking Nginx status...
[2025-03-30 12:57:24] \033[0;31mNginx is not installed\033[0m
[2025-03-30 12:57:24] Checking SSL certificates...
[2025-03-30 12:57:24] \033[0;32mSSL certificates are valid\033[0m
[2025-03-30 12:57:24] Checking MongoDB status...
[2025-03-30 12:57:24] \033[0;31mMongoDB is not installed\033[0m
[2025-03-30 12:57:24] Checking environment variables...
[2025-03-30 12:57:24] \033[0;32mEnvironment variables are properly configured\033[0m
[2025-03-30 12:57:24] Checking application build...
[2025-03-30 12:57:24] \033[0;32mApplication build is ready\033[0m
[2025-03-30 12:57:24] Prerequisites check completed
[2025-03-30 12:57:24] Starting production server...
[2025-03-30 12:57:24] Building application...
[2025-03-30 12:57:24] [0;31mBuild failed[0m
[2025-03-30 12:57:34] Starting production environment setup...
[2025-03-30 12:57:34] Starting prerequisites check...
[2025-03-30 12:57:34] Checking required directories...
[2025-03-30 12:57:34] \033[0;32mAll required directories exist\033[0m
[2025-03-30 12:57:34] Checking Nginx status...
[2025-03-30 12:57:34] \033[0;31mNginx is not installed\033[0m
[2025-03-30 12:57:34] Checking SSL certificates...
[2025-03-30 12:57:34] \033[0;32mSSL certificates are valid\033[0m
[2025-03-30 12:57:34] Checking MongoDB status...
[2025-03-30 12:57:34] \033[0;31mMongoDB is not installed\033[0m
[2025-03-30 12:57:34] Checking environment variables...
[2025-03-30 12:57:35] \033[0;32mEnvironment variables are properly configured\033[0m
[2025-03-30 12:57:35] Checking application build...
[2025-03-30 12:57:35] \033[0;32mApplication build is ready\033[0m
[2025-03-30 12:57:35] Prerequisites check completed
[2025-03-30 12:57:35] Starting production server...
[2025-03-30 12:57:35] Building application...
[2025-03-30 12:57:35] [0;31mBuild failed[0m
[2025-03-30 12:57:45] Starting production environment setup...
[2025-03-30 12:57:45] Starting prerequisites check...
[2025-03-30 12:57:45] Checking required directories...
[2025-03-30 12:57:45] \033[0;32mAll required directories exist\033[0m
[2025-03-30 12:57:45] Checking Nginx status...
[2025-03-30 12:57:45] \033[0;31mNginx is not installed\033[0m
[2025-03-30 12:57:45] Checking SSL certificates...
[2025-03-30 12:57:45] \033[0;32mSSL certificates are valid\033[0m
[2025-03-30 12:57:45] Checking MongoDB status...
[2025-03-30 12:57:45] \033[0;31mMongoDB is not installed\033[0m
[2025-03-30 12:57:45] Checking environment variables...
[2025-03-30 12:57:45] \033[0;32mEnvironment variables are properly configured\033[0m
[2025-03-30 12:57:45] Checking application build...
[2025-03-30 12:57:45] \033[0;32mApplication build is ready\033[0m
[2025-03-30 12:57:45] Prerequisites check completed
[2025-03-30 12:57:45] Starting production server...
[2025-03-30 12:57:45] Building application...
[2025-03-30 12:57:45] [0;31mBuild failed[0m
[2025-03-30 12:57:55] Starting production environment setup...
[2025-03-30 12:57:55] Starting prerequisites check...
[2025-03-30 12:57:55] Checking required directories...
[2025-03-30 12:57:55] \033[0;32mAll required directories exist\033[0m
[2025-03-30 12:57:55] Checking Nginx status...
[2025-03-30 12:57:55] \033[0;31mNginx is not installed\033[0m
[2025-03-30 12:57:55] Checking SSL certificates...
[2025-03-30 12:57:55] \033[0;32mSSL certificates are valid\033[0m
[2025-03-30 12:57:55] Checking MongoDB status...
[2025-03-30 12:57:55] \033[0;31mMongoDB is not installed\033[0m
[2025-03-30 12:57:55] Checking environment variables...
[2025-03-30 12:57:55] \033[0;32mEnvironment variables are properly configured\033[0m
[2025-03-30 12:57:55] Checking application build...
[2025-03-30 12:57:55] \033[0;32mApplication build is ready\033[0m
[2025-03-30 12:57:55] Prerequisites check completed
[2025-03-30 12:57:55] Starting production server...
[2025-03-30 12:57:55] Building application...
[2025-03-30 12:57:55] [0;31mBuild failed[0m
[2025-03-30 12:58:05] Starting production environment setup...
[2025-03-30 12:58:06] Starting prerequisites check...
[2025-03-30 12:58:06] Checking required directories...
[2025-03-30 12:58:06] \033[0;32mAll required directories exist\033[0m
[2025-03-30 12:58:06] Checking Nginx status...
[2025-03-30 12:58:06] \033[0;31mNginx is not installed\033[0m
[2025-03-30 12:58:06] Checking SSL certificates...
[2025-03-30 12:58:06] \033[0;32mSSL certificates are valid\033[0m
[2025-03-30 12:58:06] Checking MongoDB status...
[2025-03-30 12:58:06] \033[0;31mMongoDB is not installed\033[0m
[2025-03-30 12:58:06] Checking environment variables...
[2025-03-30 12:58:06] \033[0;32mEnvironment variables are properly configured\033[0m
[2025-03-30 12:58:06] Checking application build...
[2025-03-30 12:58:06] \033[0;32mApplication build is ready\033[0m
[2025-03-30 12:58:06] Prerequisites check completed
[2025-03-30 12:58:06] Starting production server...
[2025-03-30 12:58:06] Building application...
[2025-03-30 12:58:06] [0;31mBuild failed[0m
[2025-03-30 12:58:16] Starting production environment setup...
[2025-03-30 12:58:16] Starting prerequisites check...
[2025-03-30 12:58:16] Checking required directories...
[2025-03-30 12:58:16] \033[0;32mAll required directories exist\033[0m
[2025-03-30 12:58:16] Checking Nginx status...
[2025-03-30 12:58:16] \033[0;31mNginx is not installed\033[0m
[2025-03-30 12:58:16] Checking SSL certificates...
[2025-03-30 12:58:16] \033[0;32mSSL certificates are valid\033[0m
[2025-03-30 12:58:16] Checking MongoDB status...
[2025-03-30 12:58:16] \033[0;31mMongoDB is not installed\033[0m
[2025-03-30 12:58:16] Checking environment variables...
[2025-03-30 12:58:16] \033[0;32mEnvironment variables are properly configured\033[0m
[2025-03-30 12:58:16] Checking application build...
[2025-03-30 12:58:16] \033[0;32mApplication build is ready\033[0m
[2025-03-30 12:58:16] Prerequisites check completed
[2025-03-30 12:58:16] Starting production server...
[2025-03-30 12:58:16] Building application...
[2025-03-30 12:58:16] [0;31mBuild failed[0m
[2025-03-30 12:58:26] Starting production environment setup...
[2025-03-30 12:58:26] Starting prerequisites check...
[2025-03-30 12:58:26] Checking required directories...
[2025-03-30 12:58:26] \033[0;32mAll required directories exist\033[0m
[2025-03-30 12:58:26] Checking Nginx status...
[2025-03-30 12:58:26] \033[0;31mNginx is not installed\033[0m
[2025-03-30 12:58:26] Checking SSL certificates...
[2025-03-30 12:58:26] \033[0;32mSSL certificates are valid\033[0m
[2025-03-30 12:58:26] Checking MongoDB status...
[2025-03-30 12:58:27] \033[0;31mMongoDB is not installed\033[0m
[2025-03-30 12:58:27] Checking environment variables...
[2025-03-30 12:58:27] \033[0;32mEnvironment variables are properly configured\033[0m
[2025-03-30 12:58:27] Checking application build...
[2025-03-30 12:58:27] \033[0;32mApplication build is ready\033[0m
[2025-03-30 12:58:27] Prerequisites check completed
[2025-03-30 12:58:27] Starting production server...
[2025-03-30 12:58:27] Building application...
[2025-03-30 12:58:27] [0;31mBuild failed[0m
[2025-03-30 12:58:37] Starting production environment setup...
[2025-03-30 12:58:37] Starting prerequisites check...
[2025-03-30 12:58:37] Checking required directories...
[2025-03-30 12:58:37] \033[0;32mAll required directories exist\033[0m
[2025-03-30 12:58:37] Checking Nginx status...
[2025-03-30 12:58:37] \033[0;31mNginx is not installed\033[0m
[2025-03-30 12:58:37] Checking SSL certificates...
[2025-03-30 12:58:37] \033[0;32mSSL certificates are valid\033[0m
[2025-03-30 12:58:37] Checking MongoDB status...
[2025-03-30 12:58:37] \033[0;31mMongoDB is not installed\033[0m
[2025-03-30 12:58:37] Checking environment variables...
[2025-03-30 12:58:37] \033[0;32mEnvironment variables are properly configured\033[0m
[2025-03-30 12:58:37] Checking application build...
[2025-03-30 12:58:37] \033[0;32mApplication build is ready\033[0m
[2025-03-30 12:58:37] Prerequisites check completed
[2025-03-30 12:58:37] Starting production server...
[2025-03-30 12:58:37] Building application...
[2025-03-30 12:58:37] [0;31mBuild failed[0m
[2025-03-30 12:58:47] Starting production environment setup...
[2025-03-30 12:58:47] Starting prerequisites check...
[2025-03-30 12:58:47] Checking required directories...
[2025-03-30 12:58:47] \033[0;32mAll required directories exist\033[0m
[2025-03-30 12:58:47] Checking Nginx status...
[2025-03-30 12:58:47] \033[0;31mNginx is not installed\033[0m
[2025-03-30 12:58:47] Checking SSL certificates...
[2025-03-30 12:58:47] \033[0;32mSSL certificates are valid\033[0m
[2025-03-30 12:58:47] Checking MongoDB status...
[2025-03-30 12:58:47] \033[0;31mMongoDB is not installed\033[0m
[2025-03-30 12:58:48] Checking environment variables...
[2025-03-30 12:58:48] \033[0;32mEnvironment variables are properly configured\033[0m
[2025-03-30 12:58:48] Checking application build...
[2025-03-30 12:58:48] \033[0;32mApplication build is ready\033[0m
[2025-03-30 12:58:48] Prerequisites check completed
[2025-03-30 12:58:48] Starting production server...
[2025-03-30 12:58:48] Building application...
[2025-03-30 12:58:48] [0;31mBuild failed[0m
