
> whatsdesigns@0.1.0 start:prod
> NODE_ENV=production next start -p ${PORT:-3002}

   ▲ Next.js 15.2.4
   - Local:        http://localhost:3002
   - Network:      http://192.168.1.93:3002

 ✓ Starting...
 ✓ Ready in 375ms

> whatsdesigns@0.1.0 start:prod
> NODE_ENV=production next start -p ${PORT:-3002}

   ▲ Next.js 15.2.4
   - Local:        http://localhost:3002
   - Network:      http://192.168.1.93:3002

 ✓ Starting...
 ✓ Ready in 374ms

> whatsdesigns@0.1.0 start:prod
> NODE_ENV=production next start -p ${PORT:-3002}

   ▲ Next.js 15.2.4
   - Local:        http://localhost:3002
   - Network:      http://192.168.1.93:3002

 ✓ Starting...
 ✓ Ready in 659ms

> whatsdesigns@0.1.0 start:prod
> NODE_ENV=production next start -p ${PORT:-3002}

   ▲ Next.js 15.2.4
   - Local:        http://localhost:3002
   - Network:      http://192.168.1.93:3002

 ✓ Starting...
 ✓ Ready in 782ms

> whatsdesigns@0.1.0 start:prod
> NODE_ENV=production next start -p ${PORT:-3002}

   ▲ Next.js 15.2.4
   - Local:        http://localhost:3002
   - Network:      http://192.168.1.93:3002

 ✓ Starting...
 ✓ Ready in 664ms

> whatsdesigns@0.1.0 start:prod
> NODE_ENV=production next start -p ${PORT:-3002}

   ▲ Next.js 15.2.4
   - Local:        http://localhost:3002
   - Network:      http://192.168.1.93:3002

 ✓ Starting...
 ✓ Ready in 652ms

> whatsdesigns@0.1.0 start:prod
> NODE_ENV=production next start -p ${PORT:-3002}

   ▲ Next.js 15.2.4
   - Local:        http://localhost:3002
   - Network:      http://192.168.1.93:3002

 ✓ Starting...
 ✓ Ready in 657ms

> whatsdesigns@0.1.0 start:prod
> NODE_ENV=production next start -p ${PORT:-3002}

   ▲ Next.js 15.2.4
   - Local:        http://localhost:3002
   - Network:      http://192.168.1.93:3002

 ✓ Starting...
 ✓ Ready in 783ms
