[2025-03-29 23:47:43] Starting shutdown process...
[2025-03-29 23:47:43] Stopping production server...
[2025-03-29 23:47:43] No running production server found
[2025-03-29 23:47:43] Stopping development server...
[2025-03-29 23:47:43] No running development server found
[2025-03-29 23:47:43] Cleaning up temporary files...
[2025-03-29 23:47:43] Shutdown process completed
[2025-03-29 23:47:55] Starting shutdown process...
[2025-03-29 23:47:55] Stopping production server...
[2025-03-29 23:47:55] No running production server found
[2025-03-29 23:47:56] Stopping development server...
[2025-03-29 23:47:56] No running development server found
[2025-03-29 23:47:56] Cleaning up temporary files...
[2025-03-29 23:47:56] Shutdown process completed
[2025-03-29 23:52:08] Starting shutdown process...
[2025-03-29 23:52:08] Stopping production server...
[2025-03-29 23:52:08] No running production server found
[2025-03-29 23:52:08] Stopping development server...
[2025-03-29 23:52:08] No running development server found
[2025-03-29 23:52:08] Cleaning up temporary files...
[2025-03-29 23:52:08] Shutdown process completed
