[2025-03-30 12:23:58] Starting production environment shutdown...
[2025-03-30 12:23:58] Stopping production server...
[2025-03-30 12:23:58] Found production server process with PID: 16022
[2025-03-30 12:23:58] Sent SIGTERM to process 16022
[2025-03-30 12:23:58] production server stopped successfully
[2025-03-30 12:23:58] Stopping Nginx...
[2025-03-30 12:24:12] Nginx stopped successfully
[2025-03-30 12:24:12] Cleaning up temporary files...
[2025-03-30 12:24:12] Production environment shutdown completed
[2025-03-30 12:28:10] Starting production environment shutdown...
[2025-03-30 12:28:10] Stopping production server...
[2025-03-30 12:28:10] No running production server found
[2025-03-30 12:28:10] Stopping Nginx...
[2025-03-30 12:28:19] \033[0;31mFailed to stop Nginx\033[0m
[2025-03-30 12:28:19] Stopping MongoDB...
[2025-03-30 12:28:21] MongoDB stopped successfully
[2025-03-30 12:28:21] Cleaning up temporary files...
[2025-03-30 12:28:21] Production environment shutdown completed
[2025-03-30 12:41:54] Starting production environment shutdown...
[2025-03-30 12:41:54] Stopping production server...
[2025-03-30 12:41:54] No running production server found
[2025-03-30 12:41:54] Stopping Nginx...
[2025-03-30 12:42:04] Nginx stopped successfully
[2025-03-30 12:42:04] Stopping MongoDB...
[2025-03-30 12:42:06] MongoDB stopped successfully
[2025-03-30 12:42:06] Cleaning up temporary files...
[2025-03-30 12:42:06] Production environment shutdown completed
[2025-03-30 12:43:25] Starting production environment shutdown...
[2025-03-30 12:43:25] Stopping production server...
[2025-03-30 12:43:25] Found production server process with PID: 86097
[2025-03-30 12:43:25] Sent SIGTERM to process 86097
[2025-03-30 12:43:25] production server stopped successfully
[2025-03-30 12:43:25] Stopping Nginx...
[2025-03-30 12:43:38] Nginx stopped successfully
[2025-03-30 12:43:38] Stopping MongoDB...
[2025-03-30 12:43:40] MongoDB stopped successfully
[2025-03-30 12:43:40] Cleaning up temporary files...
[2025-03-30 12:43:40] Production environment shutdown completed
[2025-03-30 12:52:36] Starting production environment shutdown...
[2025-03-30 12:52:36] Stopping production server...
[2025-03-30 12:52:36] Found production server process with PID: 87987
[2025-03-30 12:52:36] Sent SIGTERM to process 87987
[2025-03-30 12:52:37] production server stopped successfully
[2025-03-30 12:52:37] Stopping Nginx...
[2025-03-30 12:52:43] Nginx stopped successfully
[2025-03-30 12:52:43] Stopping MongoDB...
[2025-03-30 12:52:44] MongoDB stopped successfully
[2025-03-30 12:52:44] Cleaning up temporary files...
[2025-03-30 12:52:44] Production environment shutdown completed
[2025-03-30 13:26:23] Starting production environment shutdown...
[2025-03-30 13:26:23] Stopping production server...
[2025-03-30 13:26:23] Found production server process with PID: 3023
[2025-03-30 13:26:23] Sent SIGTERM to process 3023
[2025-03-30 13:26:23] production server stopped successfully
[2025-03-30 13:26:24] Stopping Nginx...
